Started by user [8mha:////4HCZzfWImOcXIGN7aD59HYhOERYuMZB9dM9wo69rhKsIAAAAnR+LCAAAAAAAAP9b85aBtbiIQTGjNKU4P08vOT+vOD8nVc83PyU1x6OyILUoJzMv2y+/JJUBAhiZGBgqihhk0NSjKDWzXb3RdlLBUSYGJk8GtpzUvPSSDB8G5tKinBIGIZ+sxLJE/ZzEvHT94JKizLx0a6BxUmjGOUNodHsLgAweoBn6pcWpRfpZqXnZmXnFSaWZOSkAiHITRscAAAA=[0mjenkinsbuild
Building in workspace /var/lib/jenkins/workspace/jenkins POC
 > git rev-parse --is-inside-work-tree # timeout=10
Fetching changes from the remote Git repository
 > git config remote.origin.url https://github.com/amritasengar/Employee-Management-System.git # timeout=10
Fetching upstream changes from https://github.com/amritasengar/Employee-Management-System.git
 > git --version # timeout=10
using GIT_ASKPASS to set credentials 
 > git fetch --tags --progress https://github.com/amritasengar/Employee-Management-System.git +refs/heads/*:refs/remotes/origin/*
 > git rev-parse refs/remotes/origin/master^{commit} # timeout=10
 > git rev-parse refs/remotes/origin/origin/master^{commit} # timeout=10
Checking out Revision 70e1fdd8528dfd243d7ff853853db005d04e79ae (refs/remotes/origin/master)
 > git config core.sparsecheckout # timeout=10
 > git checkout -f 70e1fdd8528dfd243d7ff853853db005d04e79ae
Commit message: "Update test"
 > git rev-list --no-walk 70e1fdd8528dfd243d7ff853853db005d04e79ae # timeout=10
Unpacking https://repo.maven.apache.org/maven2/org/apache/maven/apache-maven/3.3.9/apache-maven-3.3.9-bin.zip to /opt/maven on Jenkins
[jenkins POC] $ /opt/maven/bin/mvn clean install cobertura:cobertura -Dcobertura.report.format=xml
[INFO] Scanning for projects...
Downloading: http://repository.excilys.com/content/groups/public/org/apache/maven/plugins/maven-compiler-plugin/3.1/maven-compiler-plugin-3.1.pom
Downloading: https://repo.maven.apache.org/maven2/org/apache/maven/plugins/maven-compiler-plugin/3.1/maven-compiler-plugin-3.1.pom
3/10 KB   5/10 KB   8/10 KB   10/10 KB              Downloaded: https://repo.maven.apache.org/maven2/org/apache/maven/plugins/maven-compiler-plugin/3.1/maven-compiler-plugin-3.1.pom (10 KB at 6.9 KB/sec)
Downloading: http://repository.excilys.com/content/groups/public/org/apache/maven/plugins/maven-compiler-plugin/3.1/maven-compiler-plugin-3.1.jar
           Downloading: https://repo.maven.apache.org/maven2/org/apache/maven/plugins/maven-compiler-plugin/3.1/maven-compiler-plugin-3.1.jar
3/42 KB    5/42 KB   8/42 KB   11/42 KB   13/42 KB   16/42 KB   19/42 KB   21/42 KB   24/42 KB   27/42 KB   29/42 KB   32/42 KB   36/42 KB   40/42 KB   42/42 KB              Downloaded: https://repo.maven.apache.org/maven2/org/apache/maven/plugins/maven-compiler-plugin/3.1/maven-compiler-plugin-3.1.jar (42 KB at 48.0 KB/sec)
Downloading: http://repository.excilys.com/content/groups/public/org/apache/maven/plugins/maven-surefire-plugin/2.12.4/maven-surefire-plugin-2.12.4.pom
           Downloading: https://repo.maven.apache.org/maven2/org/apache/maven/plugins/maven-surefire-plugin/2.12.4/maven-surefire-plugin-2.12.4.pom
4/11 KB    8/11 KB   11/11 KB              Downloaded: https://repo.maven.apache.org/maven2/org/apache/maven/plugins/maven-surefire-plugin/2.12.4/maven-surefire-plugin-2.12.4.pom (11 KB at 18.6 KB/sec)
Downloading: http://repository.excilys.com/content/groups/public/org/apache/maven/surefire/surefire/2.12.4/surefire-2.12.4.pom
           Downloading: https://repo.maven.apache.org/maven2/org/apache/maven/surefire/surefire/2.12.4/surefire-2.12.4.pom
4/14 KB    8/14 KB   12/14 KB   14/14 KB              Downloaded: https://repo.maven.apache.org/maven2/org/apache/maven/surefire/surefire/2.12.4/surefire-2.12.4.pom (14 KB at 24.4 KB/sec)
Downloading: http://repository.excilys.com/content/groups/public/org/apache/maven/plugins/maven-surefire-plugin/2.12.4/maven-surefire-plugin-2.12.4.jar
           Downloading: https://repo.maven.apache.org/maven2/org/apache/maven/plugins/maven-surefire-plugin/2.12.4/maven-surefire-plugin-2.12.4.jar
4/30 KB    8/30 KB   12/30 KB   16/30 KB   20/30 KB   24/30 KB   28/30 KB   30/30 KB              Downloaded: https://repo.maven.apache.org/maven2/org/apache/maven/plugins/maven-surefire-plugin/2.12.4/maven-surefire-plugin-2.12.4.jar (30 KB at 50.3 KB/sec)
Downloading: http://repository.excilys.com/content/groups/public/org/apache/maven/plugins/maven-install-plugin/2.4/maven-install-plugin-2.4.pom
           Downloading: https://repo.maven.apache.org/maven2/org/apache/maven/plugins/maven-install-plugin/2.4/maven-install-plugin-2.4.pom
4/7 KB     7/7 KB            Downloaded: https://repo.maven.apache.org/maven2/org/apache/maven/plugins/maven-install-plugin/2.4/maven-install-plugin-2.4.pom (7 KB at 11.5 KB/sec)
Downloading: http://repository.excilys.com/content/groups/public/org/apache/maven/plugins/maven-install-plugin/2.4/maven-install-plugin-2.4.jar
         Downloading: https://repo.maven.apache.org/maven2/org/apache/maven/plugins/maven-install-plugin/2.4/maven-install-plugin-2.4.jar
3/27 KB   5/27 KB   8/27 KB   11/27 KB   13/27 KB   16/27 KB   19/27 KB   21/27 KB   24/27 KB   27/27 KB   27/27 KB              Downloaded: https://repo.maven.apache.org/maven2/org/apache/maven/plugins/maven-install-plugin/2.4/maven-install-plugin-2.4.jar (27 KB at 45.5 KB/sec)
Downloading: http://repository.excilys.com/content/groups/public/org/apache/maven/plugins/maven-antrun-plugin/1.3/maven-antrun-plugin-1.3.pom
           Downloading: https://repo.maven.apache.org/maven2/org/apache/maven/plugins/maven-antrun-plugin/1.3/maven-antrun-plugin-1.3.pom
3/5 KB     5/5 KB            Downloaded: https://repo.maven.apache.org/maven2/org/apache/maven/plugins/maven-antrun-plugin/1.3/maven-antrun-plugin-1.3.pom (5 KB at 8.8 KB/sec)
Downloading: http://repository.excilys.com/content/groups/public/org/apache/maven/plugins/maven-plugins/12/maven-plugins-12.pom
         Downloading: https://repo.maven.apache.org/maven2/org/apache/maven/plugins/maven-plugins/12/maven-plugins-12.pom
3/12 KB   5/12 KB   8/12 KB   11/12 KB   12/12 KB              Downloaded: https://repo.maven.apache.org/maven2/org/apache/maven/plugins/maven-plugins/12/maven-plugins-12.pom (12 KB at 21.0 KB/sec)
Downloading: http://repository.excilys.com/content/groups/public/org/apache/apache/4/apache-4.pom
           Downloading: https://repo.maven.apache.org/maven2/org/apache/apache/4/apache-4.pom
           Downloaded: https://repo.maven.apache.org/maven2/org/apache/apache/4/apache-4.pom (0 B at 0.0 KB/sec)
Downloading: http://repository.excilys.com/content/groups/public/org/apache/maven/plugins/maven-antrun-plugin/1.3/maven-antrun-plugin-1.3.jar
           Downloading: https://repo.maven.apache.org/maven2/org/apache/maven/plugins/maven-antrun-plugin/1.3/maven-antrun-plugin-1.3.jar
3/24 KB    5/24 KB   8/24 KB   11/24 KB   13/24 KB   16/24 KB   19/24 KB   21/24 KB   24/24 KB              Downloaded: https://repo.maven.apache.org/maven2/org/apache/maven/plugins/maven-antrun-plugin/1.3/maven-antrun-plugin-1.3.jar (24 KB at 40.3 KB/sec)
Downloading: http://repository.excilys.com/content/groups/public/org/apache/maven/plugins/maven-assembly-plugin/2.2-beta-5/maven-assembly-plugin-2.2-beta-5.pom
           Downloading: https://repo.maven.apache.org/maven2/org/apache/maven/plugins/maven-assembly-plugin/2.2-beta-5/maven-assembly-plugin-2.2-beta-5.pom
3/15 KB    5/15 KB   8/15 KB   11/15 KB   13/15 KB   15/15 KB              Downloaded: https://repo.maven.apache.org/maven2/org/apache/maven/plugins/maven-assembly-plugin/2.2-beta-5/maven-assembly-plugin-2.2-beta-5.pom (15 KB at 26.9 KB/sec)
Downloading: http://repository.excilys.com/content/groups/public/org/apache/maven/plugins/maven-plugins/16/maven-plugins-16.pom
           Downloading: https://repo.maven.apache.org/maven2/org/apache/maven/plugins/maven-plugins/16/maven-plugins-16.pom
3/13 KB    5/13 KB   8/13 KB   11/13 KB   13/13 KB              Downloaded: https://repo.maven.apache.org/maven2/org/apache/maven/plugins/maven-plugins/16/maven-plugins-16.pom (13 KB at 23.2 KB/sec)
Downloading: http://repository.excilys.com/content/groups/public/org/apache/maven/maven-parent/15/maven-parent-15.pom
           Downloading: https://repo.maven.apache.org/maven2/org/apache/maven/maven-parent/15/maven-parent-15.pom
3/24 KB    5/24 KB   8/24 KB   11/24 KB   13/24 KB   16/24 KB   19/24 KB   21/24 KB   24/24 KB              Downloaded: https://repo.maven.apache.org/maven2/org/apache/maven/maven-parent/15/maven-parent-15.pom (24 KB at 41.1 KB/sec)
Downloading: http://repository.excilys.com/content/groups/public/org/apache/maven/plugins/maven-assembly-plugin/2.2-beta-5/maven-assembly-plugin-2.2-beta-5.jar
           Downloading: https://repo.maven.apache.org/maven2/org/apache/maven/plugins/maven-assembly-plugin/2.2-beta-5/maven-assembly-plugin-2.2-beta-5.jar
3/204 KB   5/204 KB   8/204 KB   11/204 KB   13/204 KB   16/204 KB   19/204 KB   21/204 KB   24/204 KB   27/204 KB   29/204 KB   32/204 KB   36/204 KB   40/204 KB   44/204 KB   48/204 KB   52/204 KB   56/204 KB   60/204 KB   64/204 KB   68/204 KB   72/204 KB   76/204 KB   80/204 KB   84/204 KB   88/204 KB   92/204 KB   96/204 KB   100/204 KB   104/204 KB   108/204 KB   112/204 KB   116/204 KB   120/204 KB   124/204 KB   128/204 KB   132/204 KB   136/204 KB   140/204 KB   144/204 KB   148/204 KB   152/204 KB   156/204 KB   160/204 KB   164/204 KB   168/204 KB   172/204 KB   176/204 KB   180/204 KB   184/204 KB   188/204 KB   192/204 KB   196/204 KB   200/204 KB   204/204 KB   204/204 KB                Downloaded: https://repo.maven.apache.org/maven2/org/apache/maven/plugins/maven-assembly-plugin/2.2-beta-5/maven-assembly-plugin-2.2-beta-5.jar (204 KB at 191.3 KB/sec)
Downloading: http://repository.excilys.com/content/groups/public/org/apache/maven/plugins/maven-metadata.xml
Downloading: http://repository.excilys.com/content/groups/public/org/codehaus/mojo/maven-metadata.xml
                          Downloading: http://repository.excilys.com/content/groups/public/org/codehaus/mojo/cobertura-maven-plugin/maven-metadata.xml
             [INFO]                                                                         
[INFO] ------------------------------------------------------------------------
[INFO] Building Employee Management System 1.0-SNAPSHOT
[INFO] ------------------------------------------------------------------------
[INFO] 
[8mha:////4B1P8uT/JDFgfMGZp0z6tHEHjwZnVVLLtNjLatN9m72nAAAAYB+LCAAAAAAAAP9b85aBtbiIQSmjNKU4P0+vJLE4u1gvPjexLDVPzxdEGvvmZ+X75ZekLlOVfvTjc8FPJgaGiiIGKaiG5Py84vycVD1nCA1SyAABjCCFBQCV27OjYAAAAA==[0m[INFO] --- maven-clean-plugin:2.5:clean (default-clean) @ EmployeeApplicationSprint4 ---
[INFO] 
[8mha:////4B1P8uT/JDFgfMGZp0z6tHEHjwZnVVLLtNjLatN9m72nAAAAYB+LCAAAAAAAAP9b85aBtbiIQSmjNKU4P0+vJLE4u1gvPjexLDVPzxdEGvvmZ+X75ZekLlOVfvTjc8FPJgaGiiIGKaiG5Py84vycVD1nCA1SyAABjCCFBQCV27OjYAAAAA==[0m[INFO] --- maven-resources-plugin:2.6:resources (default-resources) @ EmployeeApplicationSprint4 ---
[8mha:////4CiX0MVzgoAv95q7FvvY0nZRvD0SlnQ0F7L39CAYkmXnAAAAYx+LCAAAAAAAAP9b85aBtbiIQSWjNKU4P0+vJLE4u1gvPjexLDVPzxdEhicW5WXmpfvll6S2fNly5fzGzauYGBgqihikoFqS8/OK83NS9ZwhNEghAwQwghQWAACwxA+XYgAAAA==[0m[WARNING] Using platform encoding (UTF-8 actually) to copy filtered resources, i.e. build is platform dependent!
[INFO] Copying 4 resources
[INFO] 
[8mha:////4B1P8uT/JDFgfMGZp0z6tHEHjwZnVVLLtNjLatN9m72nAAAAYB+LCAAAAAAAAP9b85aBtbiIQSmjNKU4P0+vJLE4u1gvPjexLDVPzxdEGvvmZ+X75ZekLlOVfvTjc8FPJgaGiiIGKaiG5Py84vycVD1nCA1SyAABjCCFBQCV27OjYAAAAA==[0m[INFO] --- maven-compiler-plugin:3.1:compile (default-compile) @ EmployeeApplicationSprint4 ---
Downloading: http://repository.excilys.com/content/groups/public/org/codehaus/plexus/plexus-compiler-api/2.2/plexus-compiler-api-2.2.pom
             Downloading: https://repo.maven.apache.org/maven2/org/codehaus/plexus/plexus-compiler-api/2.2/plexus-compiler-api-2.2.pom
865/865 B                Downloaded: https://repo.maven.apache.org/maven2/org/codehaus/plexus/plexus-compiler-api/2.2/plexus-compiler-api-2.2.pom (865 B at 1.6 KB/sec)
Downloading: http://repository.excilys.com/content/groups/public/org/codehaus/plexus/plexus-compiler/2.2/plexus-compiler-2.2.pom
            Downloading: https://repo.maven.apache.org/maven2/org/codehaus/plexus/plexus-compiler/2.2/plexus-compiler-2.2.pom
3/4 KB      4/4 KB            Downloaded: https://repo.maven.apache.org/maven2/org/codehaus/plexus/plexus-compiler/2.2/plexus-compiler-2.2.pom (4 KB at 6.7 KB/sec)
Downloading: http://repository.excilys.com/content/groups/public/org/codehaus/plexus/plexus-utils/3.0.8/plexus-utils-3.0.8.pom
         Downloading: https://repo.maven.apache.org/maven2/org/codehaus/plexus/plexus-utils/3.0.8/plexus-utils-3.0.8.pom
3/4 KB   4/4 KB            Downloaded: https://repo.maven.apache.org/maven2/org/codehaus/plexus/plexus-utils/3.0.8/plexus-utils-3.0.8.pom (4 KB at 5.8 KB/sec)
Downloading: http://repository.excilys.com/content/groups/public/org/codehaus/plexus/plexus/3.2/plexus-3.2.pom
         Downloading: https://repo.maven.apache.org/maven2/org/codehaus/plexus/plexus/3.2/plexus-3.2.pom
3/19 KB   5/19 KB   8/19 KB   11/19 KB   13/19 KB   16/19 KB   19/19 KB   19/19 KB              Downloaded: https://repo.maven.apache.org/maven2/org/codehaus/plexus/plexus/3.2/plexus-3.2.pom (19 KB at 34.1 KB/sec)
Downloading: http://repository.excilys.com/content/groups/public/org/codehaus/plexus/plexus-compiler-manager/2.2/plexus-compiler-manager-2.2.pom
           Downloading: https://repo.maven.apache.org/maven2/org/codehaus/plexus/plexus-compiler-manager/2.2/plexus-compiler-manager-2.2.pom
690/690 B               Downloaded: https://repo.maven.apache.org/maven2/org/codehaus/plexus/plexus-compiler-manager/2.2/plexus-compiler-manager-2.2.pom (690 B at 1.3 KB/sec)
Downloading: http://repository.excilys.com/content/groups/public/org/codehaus/plexus/plexus-compiler-javac/2.2/plexus-compiler-javac-2.2.pom
            Downloading: https://repo.maven.apache.org/maven2/org/codehaus/plexus/plexus-compiler-javac/2.2/plexus-compiler-javac-2.2.pom
769/769 B               Downloaded: https://repo.maven.apache.org/maven2/org/codehaus/plexus/plexus-compiler-javac/2.2/plexus-compiler-javac-2.2.pom (769 B at 1.4 KB/sec)
Downloading: http://repository.excilys.com/content/groups/public/org/codehaus/plexus/plexus-compilers/2.2/plexus-compilers-2.2.pom
            Downloading: https://repo.maven.apache.org/maven2/org/codehaus/plexus/plexus-compilers/2.2/plexus-compilers-2.2.pom
2/2 KB               Downloaded: https://repo.maven.apache.org/maven2/org/codehaus/plexus/plexus-compilers/2.2/plexus-compilers-2.2.pom (2 KB at 2.3 KB/sec)
Downloading: http://repository.excilys.com/content/groups/public/org/codehaus/plexus/plexus-compiler-api/2.2/plexus-compiler-api-2.2.jar
Downloading: http://repository.excilys.com/content/groups/public/org/codehaus/plexus/plexus-compiler-manager/2.2/plexus-compiler-manager-2.2.jar
Downloading: http://repository.excilys.com/content/groups/public/org/codehaus/plexus/plexus-compiler-javac/2.2/plexus-compiler-javac-2.2.jar
                           Downloading: https://repo.maven.apache.org/maven2/org/codehaus/plexus/plexus-compiler-api/2.2/plexus-compiler-api-2.2.jar
Downloading: https://repo.maven.apache.org/maven2/org/codehaus/plexus/plexus-compiler-manager/2.2/plexus-compiler-manager-2.2.jar
Downloading: https://repo.maven.apache.org/maven2/org/codehaus/plexus/plexus-compiler-javac/2.2/plexus-compiler-javac-2.2.jar
3/25 KB   5/25 KB   8/25 KB   11/25 KB   13/25 KB   16/25 KB   19/25 KB   21/25 KB   24/25 KB   25/25 KB              Downloaded: https://repo.maven.apache.org/maven2/org/codehaus/plexus/plexus-compiler-api/2.2/plexus-compiler-api-2.2.jar (25 KB at 45.4 KB/sec)
3/19 KB    5/19 KB   8/19 KB   11/19 KB   11/19 KB   3/5 KB   11/19 KB   5/5 KB   13/19 KB   5/5 KB   16/19 KB   5/5 KB   19/19 KB   5/5 KB   19/19 KB   5/5 KB                       Downloaded: https://repo.maven.apache.org/maven2/org/codehaus/plexus/plexus-compiler-manager/2.2/plexus-compiler-manager-2.2.jar (5 KB at 3.5 KB/sec)
                    Downloaded: https://repo.maven.apache.org/maven2/org/codehaus/plexus/plexus-compiler-javac/2.2/plexus-compiler-javac-2.2.jar (19 KB at 12.2 KB/sec)
[INFO] Changes detected - recompiling the module!
[8mha:////4CiX0MVzgoAv95q7FvvY0nZRvD0SlnQ0F7L39CAYkmXnAAAAYx+LCAAAAAAAAP9b85aBtbiIQSWjNKU4P0+vJLE4u1gvPjexLDVPzxdEhicW5WXmpfvll6S2fNly5fzGzauYGBgqihikoFqS8/OK83NS9ZwhNEghAwQwghQWAACwxA+XYgAAAA==[0m[WARNING] File encoding has not been set, using platform encoding UTF-8, i.e. build is platform dependent!
[INFO] Compiling 7 source files to /var/lib/jenkins/workspace/jenkins POC/target/classes
[8mha:////4CiX0MVzgoAv95q7FvvY0nZRvD0SlnQ0F7L39CAYkmXnAAAAYx+LCAAAAAAAAP9b85aBtbiIQSWjNKU4P0+vJLE4u1gvPjexLDVPzxdEhicW5WXmpfvll6S2fNly5fzGzauYGBgqihikoFqS8/OK83NS9ZwhNEghAwQwghQWAACwxA+XYgAAAA==[0m[WARNING] /var/lib/jenkins/workspace/jenkins POC/src/main/java/com/sample/mvc/dao/EmployeeDAOImpl.java: /var/lib/jenkins/workspace/jenkins POC/src/main/java/com/sample/mvc/dao/EmployeeDAOImpl.java uses unchecked or unsafe operations.
[8mha:////4CiX0MVzgoAv95q7FvvY0nZRvD0SlnQ0F7L39CAYkmXnAAAAYx+LCAAAAAAAAP9b85aBtbiIQSWjNKU4P0+vJLE4u1gvPjexLDVPzxdEhicW5WXmpfvll6S2fNly5fzGzauYGBgqihikoFqS8/OK83NS9ZwhNEghAwQwghQWAACwxA+XYgAAAA==[0m[WARNING] /var/lib/jenkins/workspace/jenkins POC/src/main/java/com/sample/mvc/dao/EmployeeDAOImpl.java: Recompile with -Xlint:unchecked for details.
[INFO] 
[8mha:////4B1P8uT/JDFgfMGZp0z6tHEHjwZnVVLLtNjLatN9m72nAAAAYB+LCAAAAAAAAP9b85aBtbiIQSmjNKU4P0+vJLE4u1gvPjexLDVPzxdEGvvmZ+X75ZekLlOVfvTjc8FPJgaGiiIGKaiG5Py84vycVD1nCA1SyAABjCCFBQCV27OjYAAAAA==[0m[INFO] --- maven-resources-plugin:2.6:testResources (default-testResources) @ EmployeeApplicationSprint4 ---
[8mha:////4CiX0MVzgoAv95q7FvvY0nZRvD0SlnQ0F7L39CAYkmXnAAAAYx+LCAAAAAAAAP9b85aBtbiIQSWjNKU4P0+vJLE4u1gvPjexLDVPzxdEhicW5WXmpfvll6S2fNly5fzGzauYGBgqihikoFqS8/OK83NS9ZwhNEghAwQwghQWAACwxA+XYgAAAA==[0m[WARNING] Using platform encoding (UTF-8 actually) to copy filtered resources, i.e. build is platform dependent!
[INFO] skip non existing resourceDirectory /var/lib/jenkins/workspace/jenkins POC/src/test/resources
[INFO] 
[8mha:////4B1P8uT/JDFgfMGZp0z6tHEHjwZnVVLLtNjLatN9m72nAAAAYB+LCAAAAAAAAP9b85aBtbiIQSmjNKU4P0+vJLE4u1gvPjexLDVPzxdEGvvmZ+X75ZekLlOVfvTjc8FPJgaGiiIGKaiG5Py84vycVD1nCA1SyAABjCCFBQCV27OjYAAAAA==[0m[INFO] --- maven-compiler-plugin:3.1:testCompile (default-testCompile) @ EmployeeApplicationSprint4 ---
[INFO] Changes detected - recompiling the module!
[8mha:////4CiX0MVzgoAv95q7FvvY0nZRvD0SlnQ0F7L39CAYkmXnAAAAYx+LCAAAAAAAAP9b85aBtbiIQSWjNKU4P0+vJLE4u1gvPjexLDVPzxdEhicW5WXmpfvll6S2fNly5fzGzauYGBgqihikoFqS8/OK83NS9ZwhNEghAwQwghQWAACwxA+XYgAAAA==[0m[WARNING] File encoding has not been set, using platform encoding UTF-8, i.e. build is platform dependent!
[INFO] Compiling 3 source files to /var/lib/jenkins/workspace/jenkins POC/target/test-classes
[8mha:////4CiX0MVzgoAv95q7FvvY0nZRvD0SlnQ0F7L39CAYkmXnAAAAYx+LCAAAAAAAAP9b85aBtbiIQSWjNKU4P0+vJLE4u1gvPjexLDVPzxdEhicW5WXmpfvll6S2fNly5fzGzauYGBgqihikoFqS8/OK83NS9ZwhNEghAwQwghQWAACwxA+XYgAAAA==[0m[WARNING] /var/lib/jenkins/workspace/jenkins POC/src/test/java/com/sample/mvc/daoTest/EmployeeDAOImplTest.java: /var/lib/jenkins/workspace/jenkins POC/src/test/java/com/sample/mvc/daoTest/EmployeeDAOImplTest.java uses unchecked or unsafe operations.
[8mha:////4CiX0MVzgoAv95q7FvvY0nZRvD0SlnQ0F7L39CAYkmXnAAAAYx+LCAAAAAAAAP9b85aBtbiIQSWjNKU4P0+vJLE4u1gvPjexLDVPzxdEhicW5WXmpfvll6S2fNly5fzGzauYGBgqihikoFqS8/OK83NS9ZwhNEghAwQwghQWAACwxA+XYgAAAA==[0m[WARNING] /var/lib/jenkins/workspace/jenkins POC/src/test/java/com/sample/mvc/daoTest/EmployeeDAOImplTest.java: Recompile with -Xlint:unchecked for details.
[INFO] 
[8mha:////4B1P8uT/JDFgfMGZp0z6tHEHjwZnVVLLtNjLatN9m72nAAAAYB+LCAAAAAAAAP9b85aBtbiIQSmjNKU4P0+vJLE4u1gvPjexLDVPzxdEGvvmZ+X75ZekLlOVfvTjc8FPJgaGiiIGKaiG5Py84vycVD1nCA1SyAABjCCFBQCV27OjYAAAAA==[0m[INFO] --- maven-surefire-plugin:2.12.4:test (default-test) @ EmployeeApplicationSprint4 ---
Downloading: http://repository.excilys.com/content/groups/public/org/apache/maven/surefire/surefire-booter/2.12.4/surefire-booter-2.12.4.pom
                    Downloading: https://repo.maven.apache.org/maven2/org/apache/maven/surefire/surefire-booter/2.12.4/surefire-booter-2.12.4.pom
3/3 KB              3/3 KB            Downloaded: https://repo.maven.apache.org/maven2/org/apache/maven/surefire/surefire-booter/2.12.4/surefire-booter-2.12.4.pom (3 KB at 5.9 KB/sec)
Downloading: http://repository.excilys.com/content/groups/public/org/apache/maven/surefire/surefire-api/2.12.4/surefire-api-2.12.4.pom
         Downloading: https://repo.maven.apache.org/maven2/org/apache/maven/surefire/surefire-api/2.12.4/surefire-api-2.12.4.pom
3/3 KB   3/3 KB            Downloaded: https://repo.maven.apache.org/maven2/org/apache/maven/surefire/surefire-api/2.12.4/surefire-api-2.12.4.pom (3 KB at 4.8 KB/sec)
Downloading: http://repository.excilys.com/content/groups/public/org/apache/maven/surefire/maven-surefire-common/2.12.4/maven-surefire-common-2.12.4.pom
         Downloading: https://repo.maven.apache.org/maven2/org/apache/maven/surefire/maven-surefire-common/2.12.4/maven-surefire-common-2.12.4.pom
3/6 KB   5/6 KB   6/6 KB            Downloaded: https://repo.maven.apache.org/maven2/org/apache/maven/surefire/maven-surefire-common/2.12.4/maven-surefire-common-2.12.4.pom (6 KB at 10.7 KB/sec)
Downloading: http://repository.excilys.com/content/groups/public/org/apache/maven/plugin-tools/maven-plugin-annotations/3.1/maven-plugin-annotations-3.1.pom
         Downloading: https://repo.maven.apache.org/maven2/org/apache/maven/plugin-tools/maven-plugin-annotations/3.1/maven-plugin-annotations-3.1.pom
2/2 KB            Downloaded: https://repo.maven.apache.org/maven2/org/apache/maven/plugin-tools/maven-plugin-annotations/3.1/maven-plugin-annotations-3.1.pom (2 KB at 3.2 KB/sec)
Downloading: http://repository.excilys.com/content/groups/public/org/apache/maven/plugin-tools/maven-plugin-tools/3.1/maven-plugin-tools-3.1.pom
         Downloading: https://repo.maven.apache.org/maven2/org/apache/maven/plugin-tools/maven-plugin-tools/3.1/maven-plugin-tools-3.1.pom
3/16 KB   5/16 KB   8/16 KB   11/16 KB   13/16 KB   16/16 KB   16/16 KB              Downloaded: https://repo.maven.apache.org/maven2/org/apache/maven/plugin-tools/maven-plugin-tools/3.1/maven-plugin-tools-3.1.pom (16 KB at 29.3 KB/sec)
Downloading: http://repository.excilys.com/content/groups/public/org/apache/maven/shared/maven-common-artifact-filters/1.3/maven-common-artifact-filters-1.3.pom
           Downloading: https://repo.maven.apache.org/maven2/org/apache/maven/shared/maven-common-artifact-filters/1.3/maven-common-artifact-filters-1.3.pom
3/4 KB     4/4 KB            Downloaded: https://repo.maven.apache.org/maven2/org/apache/maven/shared/maven-common-artifact-filters/1.3/maven-common-artifact-filters-1.3.pom (4 KB at 7.2 KB/sec)
Downloading: http://repository.excilys.com/content/groups/public/org/apache/maven/surefire/surefire-booter/2.12.4/surefire-booter-2.12.4.jar
Downloading: http://repository.excilys.com/content/groups/public/org/apache/maven/surefire/surefire-api/2.12.4/surefire-api-2.12.4.jar
Downloading: http://repository.excilys.com/content/groups/public/org/apache/maven/surefire/maven-surefire-common/2.12.4/maven-surefire-common-2.12.4.jar
Downloading: http://repository.excilys.com/content/groups/public/org/apache/maven/shared/maven-common-artifact-filters/1.3/maven-common-artifact-filters-1.3.jar
Downloading: http://repository.excilys.com/content/groups/public/org/codehaus/plexus/plexus-utils/3.0.8/plexus-utils-3.0.8.jar
         Downloading: http://repository.excilys.com/content/groups/public/org/apache/maven/plugin-tools/maven-plugin-annotations/3.1/maven-plugin-annotations-3.1.jar
                                             Downloading: https://repo.maven.apache.org/maven2/org/apache/maven/surefire/surefire-booter/2.12.4/surefire-booter-2.12.4.jar
Downloading: https://repo.maven.apache.org/maven2/org/apache/maven/surefire/surefire-api/2.12.4/surefire-api-2.12.4.jar
Downloading: https://repo.maven.apache.org/maven2/org/apache/maven/surefire/maven-surefire-common/2.12.4/maven-surefire-common-2.12.4.jar
Downloading: https://repo.maven.apache.org/maven2/org/apache/maven/shared/maven-common-artifact-filters/1.3/maven-common-artifact-filters-1.3.jar
Downloading: https://repo.maven.apache.org/maven2/org/codehaus/plexus/plexus-utils/3.0.8/plexus-utils-3.0.8.jar
3/34 KB   5/34 KB   8/34 KB   3/257 KB   8/34 KB   5/257 KB   8/34 KB   5/257 KB   11/34 KB   5/257 KB   3/31 KB   11/34 KB   5/257 KB   5/31 KB   11/34 KB   5/257 KB   8/31 KB   11/34 KB   5/257 KB   11/31 KB   11/34 KB   5/257 KB   13/31 KB   11/34 KB   5/257 KB   16/31 KB   11/34 KB   5/257 KB   19/31 KB   11/34 KB   5/257 KB   21/31 KB   11/34 KB   5/257 KB   24/31 KB   11/34 KB   5/257 KB   27/31 KB   11/34 KB   5/257 KB   27/31 KB   13/34 KB   5/257 KB   29/31 KB   13/34 KB   5/257 KB   31/31 KB   13/34 KB   8/257 KB   31/31 KB   13/34 KB   8/257 KB   31/31 KB   16/34 KB   8/257 KB   31/31 KB   19/34 KB   11/257 KB   31/31 KB   19/34 KB   11/257 KB   31/31 KB   21/34 KB   11/257 KB   31/31 KB   24/34 KB   11/257 KB   31/31 KB   27/34 KB   13/257 KB   31/31 KB   27/34 KB   13/257 KB   31/31 KB   29/34 KB   13/257 KB   31/31 KB   32/34 KB   13/257 KB   31/31 KB   34/34 KB   16/257 KB   31/31 KB   34/34 KB   19/257 KB   31/31 KB   34/34 KB   21/257 KB   31/31 KB   34/34 KB                                     Downloaded: https://repo.maven.apache.org/maven2/org/apache/maven/shared/maven-common-artifact-filters/1.3/maven-common-artifact-filters-1.3.jar (31 KB at 55.7 KB/sec)
Downloading: https://repo.maven.apache.org/maven2/org/apache/maven/plugin-tools/maven-plugin-annotations/3.1/maven-plugin-annotations-3.1.jar
24/257 KB   34/34 KB              27/257 KB   34/34 KB   29/257 KB   34/34 KB   32/257 KB   34/34 KB                          Downloaded: https://repo.maven.apache.org/maven2/org/apache/maven/surefire/surefire-booter/2.12.4/surefire-booter-2.12.4.jar (34 KB at 45.3 KB/sec)
36/257 KB              40/257 KB   44/257 KB   48/257 KB   48/257 KB   3/14 KB   48/257 KB   5/14 KB   48/257 KB   8/14 KB   48/257 KB   11/14 KB   48/257 KB   13/14 KB   48/257 KB   14/14 KB   52/257 KB   14/14 KB   56/257 KB   14/14 KB   60/257 KB   14/14 KB   64/257 KB   14/14 KB   68/257 KB   14/14 KB   72/257 KB   14/14 KB   76/257 KB   14/14 KB   80/257 KB   14/14 KB   84/257 KB   14/14 KB   88/257 KB   14/14 KB   92/257 KB   14/14 KB   96/257 KB   14/14 KB   100/257 KB   14/14 KB   104/257 KB   14/14 KB   108/257 KB   14/14 KB   112/257 KB   14/14 KB   116/257 KB   14/14 KB   120/257 KB   14/14 KB   124/257 KB   14/14 KB   128/257 KB   14/14 KB                           Downloaded: https://repo.maven.apache.org/maven2/org/apache/maven/plugin-tools/maven-plugin-annotations/3.1/maven-plugin-annotations-3.1.jar (14 KB at 12.7 KB/sec)
128/257 KB   3/227 KB   128/257 KB   5/227 KB   128/257 KB   8/227 KB   128/257 KB   11/227 KB   132/257 KB   11/227 KB   136/257 KB   11/227 KB   140/257 KB   11/227 KB   144/257 KB   11/227 KB   144/257 KB   11/227 KB   3/115 KB   144/257 KB   11/227 KB   5/115 KB   144/257 KB   11/227 KB   8/115 KB   144/257 KB   11/227 KB   11/115 KB   144/257 KB   13/227 KB   11/115 KB   148/257 KB   13/227 KB   11/115 KB   152/257 KB   13/227 KB   11/115 KB   156/257 KB   13/227 KB   11/115 KB   160/257 KB   13/227 KB   11/115 KB   160/257 KB   13/227 KB   13/115 KB   164/257 KB   13/227 KB   13/115 KB   168/257 KB   13/227 KB   13/115 KB   172/257 KB   13/227 KB   13/115 KB   176/257 KB   13/227 KB   13/115 KB   180/257 KB   13/227 KB   13/115 KB   184/257 KB   13/227 KB   13/115 KB   188/257 KB   13/227 KB   13/115 KB   192/257 KB   13/227 KB   13/115 KB   196/257 KB   13/227 KB   13/115 KB   200/257 KB   13/227 KB   13/115 KB   204/257 KB   13/227 KB   13/115 KB   208/257 KB   13/227 KB   13/115 KB   212/257 KB   13/227 KB   13/115 KB   216/257 KB   13/227 KB   13/115 KB   220/257 KB   13/227 KB   13/115 KB   224/257 KB   13/227 KB   13/115 KB   228/257 KB   13/227 KB   13/115 KB   232/257 KB   13/227 KB   13/115 KB   236/257 KB   13/227 KB   13/115 KB   240/257 KB   13/227 KB   13/115 KB   244/257 KB   13/227 KB   13/115 KB   248/257 KB   13/227 KB   13/115 KB   252/257 KB   13/227 KB   13/115 KB   256/257 KB   13/227 KB   13/115 KB   257/257 KB   13/227 KB   13/115 KB   257/257 KB   16/227 KB   13/115 KB   257/257 KB   19/227 KB   13/115 KB   257/257 KB   21/227 KB   13/115 KB   257/257 KB   21/227 KB   16/115 KB   257/257 KB   24/227 KB   16/115 KB   257/257 KB   24/227 KB   19/115 KB   257/257 KB   27/227 KB   19/115 KB   257/257 KB   27/227 KB   21/115 KB   257/257 KB   29/227 KB   21/115 KB   257/257 KB   29/227 KB   24/115 KB   257/257 KB   32/227 KB   24/115 KB   257/257 KB   32/227 KB   27/115 KB   257/257 KB   32/227 KB   29/115 KB   257/257 KB   32/227 KB   32/115 KB                                        Downloaded: https://repo.maven.apache.org/maven2/org/apache/maven/surefire/maven-surefire-common/2.12.4/maven-surefire-common-2.12.4.jar (257 KB at 164.1 KB/sec)
36/227 KB   32/115 KB                40/227 KB   32/115 KB   44/227 KB   32/115 KB   48/227 KB   32/115 KB   48/227 KB   36/115 KB   48/227 KB   40/115 KB   48/227 KB   44/115 KB   48/227 KB   48/115 KB   52/227 KB   48/115 KB   56/227 KB   48/115 KB   60/227 KB   48/115 KB   64/227 KB   48/115 KB   64/227 KB   52/115 KB   64/227 KB   56/115 KB   64/227 KB   60/115 KB   64/227 KB   64/115 KB   68/227 KB   64/115 KB   72/227 KB   64/115 KB   76/227 KB   64/115 KB   80/227 KB   64/115 KB   80/227 KB   68/115 KB   80/227 KB   72/115 KB   80/227 KB   76/115 KB   80/227 KB   80/115 KB   84/227 KB   80/115 KB   88/227 KB   80/115 KB   92/227 KB   80/115 KB   96/227 KB   80/115 KB   96/227 KB   84/115 KB   96/227 KB   88/115 KB   96/227 KB   92/115 KB   96/227 KB   96/115 KB   100/227 KB   96/115 KB   104/227 KB   96/115 KB   108/227 KB   96/115 KB   112/227 KB   96/115 KB   116/227 KB   96/115 KB   120/227 KB   96/115 KB   124/227 KB   96/115 KB   128/227 KB   96/115 KB   128/227 KB   100/115 KB   128/227 KB   104/115 KB   128/227 KB   108/115 KB   128/227 KB   112/115 KB   128/227 KB   115/115 KB   132/227 KB   115/115 KB   136/227 KB   115/115 KB   140/227 KB   115/115 KB   144/227 KB   115/115 KB   148/227 KB   115/115 KB   152/227 KB   115/115 KB   156/227 KB   115/115 KB   160/227 KB   115/115 KB   164/227 KB   115/115 KB   168/227 KB   115/115 KB   172/227 KB   115/115 KB   176/227 KB   115/115 KB   180/227 KB   115/115 KB   184/227 KB   115/115 KB   188/227 KB   115/115 KB   192/227 KB   115/115 KB   196/227 KB   115/115 KB   200/227 KB   115/115 KB   204/227 KB   115/115 KB   208/227 KB   115/115 KB   212/227 KB   115/115 KB   216/227 KB   115/115 KB   220/227 KB   115/115 KB   224/227 KB   115/115 KB   227/227 KB   115/115 KB                             Downloaded: https://repo.maven.apache.org/maven2/org/apache/maven/surefire/surefire-api/2.12.4/surefire-api-2.12.4.jar (115 KB at 53.2 KB/sec)
                          Downloaded: https://repo.maven.apache.org/maven2/org/codehaus/plexus/plexus-utils/3.0.8/plexus-utils-3.0.8.jar (227 KB at 97.1 KB/sec)
[INFO] Surefire report directory: /var/lib/jenkins/workspace/jenkins POC/target/surefire-reports
Downloading: http://repository.excilys.com/content/groups/public/org/apache/maven/surefire/surefire-junit4/2.12.4/surefire-junit4-2.12.4.pom
                          Downloading: https://repo.maven.apache.org/maven2/org/apache/maven/surefire/surefire-junit4/2.12.4/surefire-junit4-2.12.4.pom
3/3 KB                             Downloaded: https://repo.maven.apache.org/maven2/org/apache/maven/surefire/surefire-junit4/2.12.4/surefire-junit4-2.12.4.pom (3 KB at 4.7 KB/sec)
Downloading: http://repository.excilys.com/content/groups/public/org/apache/maven/surefire/surefire-providers/2.12.4/surefire-providers-2.12.4.pom
         Downloading: https://repo.maven.apache.org/maven2/org/apache/maven/surefire/surefire-providers/2.12.4/surefire-providers-2.12.4.pom
3/3 KB            Downloaded: https://repo.maven.apache.org/maven2/org/apache/maven/surefire/surefire-providers/2.12.4/surefire-providers-2.12.4.pom (3 KB at 4.6 KB/sec)
Downloading: http://repository.excilys.com/content/groups/public/org/apache/maven/surefire/surefire-junit4/2.12.4/surefire-junit4-2.12.4.jar
         Downloading: https://repo.maven.apache.org/maven2/org/apache/maven/surefire/surefire-junit4/2.12.4/surefire-junit4-2.12.4.jar
3/37 KB   5/37 KB   8/37 KB   11/37 KB   13/37 KB   16/37 KB   19/37 KB   21/37 KB   24/37 KB   27/37 KB   29/37 KB   32/37 KB   35/37 KB   37/37 KB              Downloaded: https://repo.maven.apache.org/maven2/org/apache/maven/surefire/surefire-junit4/2.12.4/surefire-junit4-2.12.4.jar (37 KB at 69.9 KB/sec)

-------------------------------------------------------
 T E S T S
-------------------------------------------------------
Running com.sample.mvc.daoTest.EmployeeDAOImplTest
Tests run: 5, Failures: 0, Errors: 0, Skipped: 0, Time elapsed: 0.285 sec
Running com.sample.mvc.serviceTest.EmployeeServiceTest
Tests run: 5, Failures: 0, Errors: 0, Skipped: 0, Time elapsed: 0.004 sec
Running com.sample.mvc.controllerTest.EmployeeControllerTest
SLF4J: Class path contains multiple SLF4J bindings.
SLF4J: Found binding in [jar:file:/var/lib/jenkins/.m2/repository/org/slf4j/slf4j-log4j12/1.7.5/slf4j-log4j12-1.7.5.jar!/org/slf4j/impl/StaticLoggerBinder.class]
SLF4J: Found binding in [jar:file:/var/lib/jenkins/.m2/repository/ch/qos/logback/logback-classic/1.0.12/logback-classic-1.0.12.jar!/org/slf4j/impl/StaticLoggerBinder.class]
SLF4J: See http://www.slf4j.org/codes.html#multiple_bindings for an explanation.
SLF4J: Actual binding is of type [org.slf4j.impl.Log4jLoggerFactory]
log4j:ERROR setFile(null,true) call failed.
java.io.FileNotFoundException: /logs/emsapplication.log (No such file or directory)
	at java.io.FileOutputStream.open0(Native Method)
	at java.io.FileOutputStream.open(FileOutputStream.java:270)
	at java.io.FileOutputStream.<init>(FileOutputStream.java:213)
	at java.io.FileOutputStream.<init>(FileOutputStream.java:133)
	at org.apache.log4j.FileAppender.setFile(FileAppender.java:294)
	at org.apache.log4j.RollingFileAppender.setFile(RollingFileAppender.java:207)
	at org.apache.log4j.FileAppender.activateOptions(FileAppender.java:165)
	at org.apache.log4j.config.PropertySetter.activate(PropertySetter.java:307)
	at org.apache.log4j.config.PropertySetter.setProperties(PropertySetter.java:172)
	at org.apache.log4j.config.PropertySetter.setProperties(PropertySetter.java:104)
	at org.apache.log4j.PropertyConfigurator.parseAppender(PropertyConfigurator.java:842)
	at org.apache.log4j.PropertyConfigurator.parseCategory(PropertyConfigurator.java:768)
	at org.apache.log4j.PropertyConfigurator.configureRootCategory(PropertyConfigurator.java:648)
	at org.apache.log4j.PropertyConfigurator.doConfigure(PropertyConfigurator.java:514)
	at org.apache.log4j.PropertyConfigurator.doConfigure(PropertyConfigurator.java:580)
	at org.apache.log4j.helpers.OptionConverter.selectAndConfigure(OptionConverter.java:526)
	at org.apache.log4j.LogManager.<clinit>(LogManager.java:127)
	at org.slf4j.impl.Log4jLoggerFactory.getLogger(Log4jLoggerFactory.java:66)
	at org.slf4j.LoggerFactory.getLogger(LoggerFactory.java:270)
	at org.apache.commons.logging.impl.SLF4JLogFactory.getInstance(SLF4JLogFactory.java:156)
	at org.apache.commons.logging.impl.SLF4JLogFactory.getInstance(SLF4JLogFactory.java:132)
	at org.apache.commons.logging.LogFactory.getLog(LogFactory.java:274)
	at com.sample.mvc.controller.EmployeeController.<init>(EmployeeController.java:28)
	at com.sample.mvc.controllerTest.EmployeeControllerTest.<init>(EmployeeControllerTest.java:45)
	at sun.reflect.NativeConstructorAccessorImpl.newInstance0(Native Method)
	at sun.reflect.NativeConstructorAccessorImpl.newInstance(NativeConstructorAccessorImpl.java:62)
	at sun.reflect.DelegatingConstructorAccessorImpl.newInstance(DelegatingConstructorAccessorImpl.java:45)
	at java.lang.reflect.Constructor.newInstance(Constructor.java:423)
	at org.junit.runners.BlockJUnit4ClassRunner.createTest(BlockJUnit4ClassRunner.java:178)
	at org.junit.runners.BlockJUnit4ClassRunner$1.runReflectiveCall(BlockJUnit4ClassRunner.java:227)
	at org.junit.internal.runners.model.ReflectiveCallable.run(ReflectiveCallable.java:15)
	at org.junit.runners.BlockJUnit4ClassRunner.methodBlock(BlockJUnit4ClassRunner.java:224)
	at org.junit.runners.BlockJUnit4ClassRunner.runChild(BlockJUnit4ClassRunner.java:69)
	at org.junit.runners.BlockJUnit4ClassRunner.runChild(BlockJUnit4ClassRunner.java:48)
	at org.junit.runners.ParentRunner$3.run(ParentRunner.java:231)
	at org.junit.runners.ParentRunner$1.schedule(ParentRunner.java:60)
	at org.junit.runners.ParentRunner.runChildren(ParentRunner.java:229)
	at org.junit.runners.ParentRunner.access$000(ParentRunner.java:50)
	at org.junit.runners.ParentRunner$2.evaluate(ParentRunner.java:222)
	at org.junit.runners.ParentRunner.run(ParentRunner.java:292)
	at org.mockito.internal.runners.JUnit45AndHigherRunnerImpl.run(JUnit45AndHigherRunnerImpl.java:37)
	at org.mockito.runners.MockitoJUnitRunner.run(MockitoJUnitRunner.java:62)
	at org.apache.maven.surefire.junit4.JUnit4Provider.execute(JUnit4Provider.java:252)
	at org.apache.maven.surefire.junit4.JUnit4Provider.executeTestSet(JUnit4Provider.java:141)
	at org.apache.maven.surefire.junit4.JUnit4Provider.invoke(JUnit4Provider.java:112)
	at sun.reflect.NativeMethodAccessorImpl.invoke0(Native Method)
	at sun.reflect.NativeMethodAccessorImpl.invoke(NativeMethodAccessorImpl.java:62)
	at sun.reflect.DelegatingMethodAccessorImpl.invoke(DelegatingMethodAccessorImpl.java:43)
	at java.lang.reflect.Method.invoke(Method.java:498)
	at org.apache.maven.surefire.util.ReflectionUtils.invokeMethodWithArray(ReflectionUtils.java:189)
	at org.apache.maven.surefire.booter.ProviderFactory$ProviderProxy.invoke(ProviderFactory.java:165)
	at org.apache.maven.surefire.booter.ProviderFactory.invokeProvider(ProviderFactory.java:85)
	at org.apache.maven.surefire.booter.ForkedBooter.runSuitesInProcess(ForkedBooter.java:115)
	at org.apache.maven.surefire.booter.ForkedBooter.main(ForkedBooter.java:75)
2018-03-30 19:35:09 INFO  StandaloneMockMvcBuilder$StaticRequestMappingHandlerMapping:197 - Mapped "{[/edit/{code}],methods=[],params=[],headers=[],consumes=[],produces=[],custom=[]}" onto public java.lang.String com.sample.mvc.controller.EmployeeController.getEmployeeById(java.lang.Integer,org.springframework.ui.Model) throws java.net.UnknownHostException
2018-03-30 19:35:09 INFO  StandaloneMockMvcBuilder$StaticRequestMappingHandlerMapping:197 - Mapped "{[/delete/{employeeId}],methods=[],params=[],headers=[],consumes=[],produces=[],custom=[]}" onto public java.lang.String com.sample.mvc.controller.EmployeeController.deleteEmplyee(java.lang.Integer) throws java.net.UnknownHostException
2018-03-30 19:35:09 INFO  StandaloneMockMvcBuilder$StaticRequestMappingHandlerMapping:197 - Mapped "{[/list],methods=[],params=[],headers=[],consumes=[],produces=[],custom=[]}" onto public java.lang.String com.sample.mvc.controller.EmployeeController.listContacts(java.util.Map<java.lang.String, java.lang.Object>) throws java.net.UnknownHostException
2018-03-30 19:35:09 INFO  StandaloneMockMvcBuilder$StaticRequestMappingHandlerMapping:197 - Mapped "{[/jsp/add],methods=[POST],params=[],headers=[],consumes=[],produces=[],custom=[]}" onto public org.springframework.web.servlet.ModelAndView com.sample.mvc.controller.EmployeeController.addEmployee(com.sample.mvc.model.EmployeeCommand) throws java.net.UnknownHostException
2018-03-30 19:35:09 INFO  StandaloneMockMvcBuilder$StaticRequestMappingHandlerMapping:197 - Mapped "{[/edit/update],methods=[POST],params=[],headers=[],consumes=[],produces=[],custom=[]}" onto public java.lang.String com.sample.mvc.controller.EmployeeController.updateEmployee(com.sample.mvc.model.EmployeeCommand) throws java.net.UnknownHostException
2018-03-30 19:35:09 INFO  StandaloneMockMvcBuilder$StaticRequestMappingHandlerMapping:197 - Mapped "{[/home],methods=[GET],params=[],headers=[],consumes=[],produces=[],custom=[]}" onto public java.lang.String com.sample.mvc.controller.EmployeeController.viewHome() throws java.net.UnknownHostException
2018-03-30 19:35:10 INFO  MockServletContext:430 - Initializing Spring FrameworkServlet ''
2018-03-30 19:35:10 INFO  TestDispatcherServlet:479 - FrameworkServlet '': initialization started
2018-03-30 19:35:10 INFO  TestDispatcherServlet:498 - FrameworkServlet '': initialization completed in 1 ms
2018-03-30 19:35:10 INFO  EmployeeController:82 - {"serverAddress":"amritase/127.0.1.1","httpMethod":"POST","resourcePath":"/edit/update","applicationName":"EMSapplication"}
2018-03-30 19:35:10 INFO  StandaloneMockMvcBuilder$StaticRequestMappingHandlerMapping:197 - Mapped "{[/edit/{code}],methods=[],params=[],headers=[],consumes=[],produces=[],custom=[]}" onto public java.lang.String com.sample.mvc.controller.EmployeeController.getEmployeeById(java.lang.Integer,org.springframework.ui.Model) throws java.net.UnknownHostException
2018-03-30 19:35:10 INFO  StandaloneMockMvcBuilder$StaticRequestMappingHandlerMapping:197 - Mapped "{[/delete/{employeeId}],methods=[],params=[],headers=[],consumes=[],produces=[],custom=[]}" onto public java.lang.String com.sample.mvc.controller.EmployeeController.deleteEmplyee(java.lang.Integer) throws java.net.UnknownHostException
2018-03-30 19:35:10 INFO  StandaloneMockMvcBuilder$StaticRequestMappingHandlerMapping:197 - Mapped "{[/list],methods=[],params=[],headers=[],consumes=[],produces=[],custom=[]}" onto public java.lang.String com.sample.mvc.controller.EmployeeController.listContacts(java.util.Map<java.lang.String, java.lang.Object>) throws java.net.UnknownHostException
2018-03-30 19:35:10 INFO  StandaloneMockMvcBuilder$StaticRequestMappingHandlerMapping:197 - Mapped "{[/jsp/add],methods=[POST],params=[],headers=[],consumes=[],produces=[],custom=[]}" onto public org.springframework.web.servlet.ModelAndView com.sample.mvc.controller.EmployeeController.addEmployee(com.sample.mvc.model.EmployeeCommand) throws java.net.UnknownHostException
2018-03-30 19:35:10 INFO  StandaloneMockMvcBuilder$StaticRequestMappingHandlerMapping:197 - Mapped "{[/edit/update],methods=[POST],params=[],headers=[],consumes=[],produces=[],custom=[]}" onto public java.lang.String com.sample.mvc.controller.EmployeeController.updateEmployee(com.sample.mvc.model.EmployeeCommand) throws java.net.UnknownHostException
2018-03-30 19:35:10 INFO  StandaloneMockMvcBuilder$StaticRequestMappingHandlerMapping:197 - Mapped "{[/home],methods=[GET],params=[],headers=[],consumes=[],produces=[],custom=[]}" onto public java.lang.String com.sample.mvc.controller.EmployeeController.viewHome() throws java.net.UnknownHostException
2018-03-30 19:35:10 INFO  MockServletContext:430 - Initializing Spring FrameworkServlet ''
2018-03-30 19:35:10 INFO  TestDispatcherServlet:479 - FrameworkServlet '': initialization started
2018-03-30 19:35:10 INFO  TestDispatcherServlet:498 - FrameworkServlet '': initialization completed in 0 ms
2018-03-30 19:35:10 INFO  EmployeeController:74 - {"serverAddress":"amritase/127.0.1.1","httpMethod":"GET","resourcePath":"/edit","applicationName":"EMSapplication"}
2018-03-30 19:35:10 INFO  StandaloneMockMvcBuilder$StaticRequestMappingHandlerMapping:197 - Mapped "{[/edit/{code}],methods=[],params=[],headers=[],consumes=[],produces=[],custom=[]}" onto public java.lang.String com.sample.mvc.controller.EmployeeController.getEmployeeById(java.lang.Integer,org.springframework.ui.Model) throws java.net.UnknownHostException
2018-03-30 19:35:10 INFO  StandaloneMockMvcBuilder$StaticRequestMappingHandlerMapping:197 - Mapped "{[/delete/{employeeId}],methods=[],params=[],headers=[],consumes=[],produces=[],custom=[]}" onto public java.lang.String com.sample.mvc.controller.EmployeeController.deleteEmplyee(java.lang.Integer) throws java.net.UnknownHostException
2018-03-30 19:35:10 INFO  StandaloneMockMvcBuilder$StaticRequestMappingHandlerMapping:197 - Mapped "{[/list],methods=[],params=[],headers=[],consumes=[],produces=[],custom=[]}" onto public java.lang.String com.sample.mvc.controller.EmployeeController.listContacts(java.util.Map<java.lang.String, java.lang.Object>) throws java.net.UnknownHostException
2018-03-30 19:35:10 INFO  StandaloneMockMvcBuilder$StaticRequestMappingHandlerMapping:197 - Mapped "{[/jsp/add],methods=[POST],params=[],headers=[],consumes=[],produces=[],custom=[]}" onto public org.springframework.web.servlet.ModelAndView com.sample.mvc.controller.EmployeeController.addEmployee(com.sample.mvc.model.EmployeeCommand) throws java.net.UnknownHostException
2018-03-30 19:35:10 INFO  StandaloneMockMvcBuilder$StaticRequestMappingHandlerMapping:197 - Mapped "{[/edit/update],methods=[POST],params=[],headers=[],consumes=[],produces=[],custom=[]}" onto public java.lang.String com.sample.mvc.controller.EmployeeController.updateEmployee(com.sample.mvc.model.EmployeeCommand) throws java.net.UnknownHostException
2018-03-30 19:35:10 INFO  StandaloneMockMvcBuilder$StaticRequestMappingHandlerMapping:197 - Mapped "{[/home],methods=[GET],params=[],headers=[],consumes=[],produces=[],custom=[]}" onto public java.lang.String com.sample.mvc.controller.EmployeeController.viewHome() throws java.net.UnknownHostException
2018-03-30 19:35:10 INFO  MockServletContext:430 - Initializing Spring FrameworkServlet ''
2018-03-30 19:35:10 INFO  TestDispatcherServlet:479 - FrameworkServlet '': initialization started
2018-03-30 19:35:10 INFO  TestDispatcherServlet:498 - FrameworkServlet '': initialization completed in 0 ms
2018-03-30 19:35:10 INFO  EmployeeController:90 - {"serverAddress":"amritase/127.0.1.1","httpMethod":"GET","resourcePath":"/delete","applicationName":"EMSapplication"}
2018-03-30 19:35:10 INFO  StandaloneMockMvcBuilder$StaticRequestMappingHandlerMapping:197 - Mapped "{[/edit/{code}],methods=[],params=[],headers=[],consumes=[],produces=[],custom=[]}" onto public java.lang.String com.sample.mvc.controller.EmployeeController.getEmployeeById(java.lang.Integer,org.springframework.ui.Model) throws java.net.UnknownHostException
2018-03-30 19:35:10 INFO  StandaloneMockMvcBuilder$StaticRequestMappingHandlerMapping:197 - Mapped "{[/delete/{employeeId}],methods=[],params=[],headers=[],consumes=[],produces=[],custom=[]}" onto public java.lang.String com.sample.mvc.controller.EmployeeController.deleteEmplyee(java.lang.Integer) throws java.net.UnknownHostException
2018-03-30 19:35:10 INFO  StandaloneMockMvcBuilder$StaticRequestMappingHandlerMapping:197 - Mapped "{[/list],methods=[],params=[],headers=[],consumes=[],produces=[],custom=[]}" onto public java.lang.String com.sample.mvc.controller.EmployeeController.listContacts(java.util.Map<java.lang.String, java.lang.Object>) throws java.net.UnknownHostException
2018-03-30 19:35:10 INFO  StandaloneMockMvcBuilder$StaticRequestMappingHandlerMapping:197 - Mapped "{[/jsp/add],methods=[POST],params=[],headers=[],consumes=[],produces=[],custom=[]}" onto public org.springframework.web.servlet.ModelAndView com.sample.mvc.controller.EmployeeController.addEmployee(com.sample.mvc.model.EmployeeCommand) throws java.net.UnknownHostException
2018-03-30 19:35:10 INFO  StandaloneMockMvcBuilder$StaticRequestMappingHandlerMapping:197 - Mapped "{[/edit/update],methods=[POST],params=[],headers=[],consumes=[],produces=[],custom=[]}" onto public java.lang.String com.sample.mvc.controller.EmployeeController.updateEmployee(com.sample.mvc.model.EmployeeCommand) throws java.net.UnknownHostException
2018-03-30 19:35:10 INFO  StandaloneMockMvcBuilder$StaticRequestMappingHandlerMapping:197 - Mapped "{[/home],methods=[GET],params=[],headers=[],consumes=[],produces=[],custom=[]}" onto public java.lang.String com.sample.mvc.controller.EmployeeController.viewHome() throws java.net.UnknownHostException
2018-03-30 19:35:10 INFO  MockServletContext:430 - Initializing Spring FrameworkServlet ''
2018-03-30 19:35:10 INFO  TestDispatcherServlet:479 - FrameworkServlet '': initialization started
2018-03-30 19:35:10 INFO  TestDispatcherServlet:498 - FrameworkServlet '': initialization completed in 1 ms
2018-03-30 19:35:10 INFO  EmployeeController:66 - {"serverAddress":"amritase/127.0.1.1","httpMethod":"POST","resourcePath":"/add","applicationName":"EMSapplication"}
ModelAndView: reference to view with name 'redirect:/list'; model is null
2018-03-30 19:35:10 INFO  EmployeeController:66 - {"serverAddress":"amritase/127.0.1.1","httpMethod":"POST","resourcePath":"/add","applicationName":"EMSapplication"}
2018-03-30 19:35:10 INFO  EmployeeController:66 - {"serverAddress":"amritase/127.0.1.1","httpMethod":"POST","resourcePath":"/add","applicationName":"EMSapplication"}
2018-03-30 19:35:10 INFO  StandaloneMockMvcBuilder$StaticRequestMappingHandlerMapping:197 - Mapped "{[/edit/{code}],methods=[],params=[],headers=[],consumes=[],produces=[],custom=[]}" onto public java.lang.String com.sample.mvc.controller.EmployeeController.getEmployeeById(java.lang.Integer,org.springframework.ui.Model) throws java.net.UnknownHostException
2018-03-30 19:35:10 INFO  StandaloneMockMvcBuilder$StaticRequestMappingHandlerMapping:197 - Mapped "{[/delete/{employeeId}],methods=[],params=[],headers=[],consumes=[],produces=[],custom=[]}" onto public java.lang.String com.sample.mvc.controller.EmployeeController.deleteEmplyee(java.lang.Integer) throws java.net.UnknownHostException
2018-03-30 19:35:10 INFO  StandaloneMockMvcBuilder$StaticRequestMappingHandlerMapping:197 - Mapped "{[/list],methods=[],params=[],headers=[],consumes=[],produces=[],custom=[]}" onto public java.lang.String com.sample.mvc.controller.EmployeeController.listContacts(java.util.Map<java.lang.String, java.lang.Object>) throws java.net.UnknownHostException
2018-03-30 19:35:10 INFO  StandaloneMockMvcBuilder$StaticRequestMappingHandlerMapping:197 - Mapped "{[/jsp/add],methods=[POST],params=[],headers=[],consumes=[],produces=[],custom=[]}" onto public org.springframework.web.servlet.ModelAndView com.sample.mvc.controller.EmployeeController.addEmployee(com.sample.mvc.model.EmployeeCommand) throws java.net.UnknownHostException
2018-03-30 19:35:10 INFO  StandaloneMockMvcBuilder$StaticRequestMappingHandlerMapping:197 - Mapped "{[/edit/update],methods=[POST],params=[],headers=[],consumes=[],produces=[],custom=[]}" onto public java.lang.String com.sample.mvc.controller.EmployeeController.updateEmployee(com.sample.mvc.model.EmployeeCommand) throws java.net.UnknownHostException
2018-03-30 19:35:10 INFO  StandaloneMockMvcBuilder$StaticRequestMappingHandlerMapping:197 - Mapped "{[/home],methods=[GET],params=[],headers=[],consumes=[],produces=[],custom=[]}" onto public java.lang.String com.sample.mvc.controller.EmployeeController.viewHome() throws java.net.UnknownHostException
2018-03-30 19:35:10 INFO  MockServletContext:430 - Initializing Spring FrameworkServlet ''
2018-03-30 19:35:10 INFO  TestDispatcherServlet:479 - FrameworkServlet '': initialization started
2018-03-30 19:35:10 INFO  TestDispatcherServlet:498 - FrameworkServlet '': initialization completed in 0 ms
2018-03-30 19:35:10 INFO  EmployeeController:58 - {"serverAddress":"amritase/127.0.1.1","httpMethod":"GET","resourcePath":"/list","applicationName":"EMSapplication"}
Tests run: 5, Failures: 0, Errors: 0, Skipped: 0, Time elapsed: 1.051 sec

Results :

Tests run: 15, Failures: 0, Errors: 0, Skipped: 0

[INFO] 
[8mha:////4B1P8uT/JDFgfMGZp0z6tHEHjwZnVVLLtNjLatN9m72nAAAAYB+LCAAAAAAAAP9b85aBtbiIQSmjNKU4P0+vJLE4u1gvPjexLDVPzxdEGvvmZ+X75ZekLlOVfvTjc8FPJgaGiiIGKaiG5Py84vycVD1nCA1SyAABjCCFBQCV27OjYAAAAA==[0m[INFO] --- maven-war-plugin:2.2:war (default-war) @ EmployeeApplicationSprint4 ---
[INFO] Packaging webapp
[INFO] Assembling webapp [EmployeeApplicationSprint4] in [/var/lib/jenkins/workspace/jenkins POC/target/EmployeeApplicationSprint4-1.0-SNAPSHOT]
[INFO] Processing war project
[INFO] Copying webapp resources [/var/lib/jenkins/workspace/jenkins POC/src/main/webapp]
[INFO] Webapp assembled in [830 msecs]
[INFO] Building war: /var/lib/jenkins/workspace/jenkins POC/target/EmployeeApplicationSprint4-1.0-SNAPSHOT.war
[INFO] WEB-INF/web.xml already added, skipping
[INFO] 
[8mha:////4B1P8uT/JDFgfMGZp0z6tHEHjwZnVVLLtNjLatN9m72nAAAAYB+LCAAAAAAAAP9b85aBtbiIQSmjNKU4P0+vJLE4u1gvPjexLDVPzxdEGvvmZ+X75ZekLlOVfvTjc8FPJgaGiiIGKaiG5Py84vycVD1nCA1SyAABjCCFBQCV27OjYAAAAA==[0m[INFO] --- maven-install-plugin:2.4:install (default-install) @ EmployeeApplicationSprint4 ---
Downloading: http://repository.excilys.com/content/groups/public/org/codehaus/plexus/plexus-utils/3.0.5/plexus-utils-3.0.5.pom
           Downloading: https://repo.maven.apache.org/maven2/org/codehaus/plexus/plexus-utils/3.0.5/plexus-utils-3.0.5.pom
3/3 KB              Downloaded: https://repo.maven.apache.org/maven2/org/codehaus/plexus/plexus-utils/3.0.5/plexus-utils-3.0.5.pom (3 KB at 4.9 KB/sec)
Downloading: http://repository.excilys.com/content/groups/public/org/codehaus/plexus/plexus/3.1/plexus-3.1.pom
         Downloading: https://repo.maven.apache.org/maven2/org/codehaus/plexus/plexus/3.1/plexus-3.1.pom
3/19 KB   6/19 KB   9/19 KB   11/19 KB   14/19 KB   16/19 KB   19/19 KB              Downloaded: https://repo.maven.apache.org/maven2/org/codehaus/plexus/plexus/3.1/plexus-3.1.pom (19 KB at 35.8 KB/sec)
Downloading: http://repository.excilys.com/content/groups/public/org/codehaus/plexus/plexus-digest/1.0/plexus-digest-1.0.pom
           Downloading: https://repo.maven.apache.org/maven2/org/codehaus/plexus/plexus-digest/1.0/plexus-digest-1.0.pom
2/2 KB              Downloaded: https://repo.maven.apache.org/maven2/org/codehaus/plexus/plexus-digest/1.0/plexus-digest-1.0.pom (2 KB at 2.1 KB/sec)
Downloading: http://repository.excilys.com/content/groups/public/org/codehaus/plexus/plexus-components/1.1.7/plexus-components-1.1.7.pom
         Downloading: https://repo.maven.apache.org/maven2/org/codehaus/plexus/plexus-components/1.1.7/plexus-components-1.1.7.pom
3/5 KB   5/5 KB            Downloaded: https://repo.maven.apache.org/maven2/org/codehaus/plexus/plexus-components/1.1.7/plexus-components-1.1.7.pom (5 KB at 9.7 KB/sec)
Downloading: http://repository.excilys.com/content/groups/public/org/codehaus/plexus/plexus-container-default/1.0-alpha-8/plexus-container-default-1.0-alpha-8.pom
         Downloading: https://repo.maven.apache.org/maven2/org/codehaus/plexus/plexus-container-default/1.0-alpha-8/plexus-container-default-1.0-alpha-8.pom
3/8 KB   6/8 KB   8/8 KB            Downloaded: https://repo.maven.apache.org/maven2/org/codehaus/plexus/plexus-container-default/1.0-alpha-8/plexus-container-default-1.0-alpha-8.pom (8 KB at 14.1 KB/sec)
Downloading: http://repository.excilys.com/content/groups/public/org/codehaus/plexus/plexus-utils/3.0.5/plexus-utils-3.0.5.jar
Downloading: http://repository.excilys.com/content/groups/public/org/codehaus/plexus/plexus-digest/1.0/plexus-digest-1.0.jar
                  Downloading: https://repo.maven.apache.org/maven2/org/codehaus/plexus/plexus-utils/3.0.5/plexus-utils-3.0.5.jar
Downloading: https://repo.maven.apache.org/maven2/org/codehaus/plexus/plexus-digest/1.0/plexus-digest-1.0.jar
3/226 KB   5/226 KB   8/226 KB   11/226 KB   13/226 KB   16/226 KB   19/226 KB   3/12 KB   19/226 KB   3/12 KB   21/226 KB   5/12 KB   21/226 KB   8/12 KB   21/226 KB   8/12 KB   24/226 KB   8/12 KB   27/226 KB   11/12 KB   27/226 KB   11/12 KB   29/226 KB   11/12 KB   32/226 KB   12/12 KB   32/226 KB   12/12 KB   36/226 KB   12/12 KB   40/226 KB   12/12 KB   44/226 KB   12/12 KB   48/226 KB   12/12 KB   52/226 KB   12/12 KB   56/226 KB   12/12 KB   60/226 KB   12/12 KB   64/226 KB   12/12 KB   68/226 KB   12/12 KB   72/226 KB   12/12 KB   76/226 KB   12/12 KB   80/226 KB   12/12 KB   84/226 KB   12/12 KB   88/226 KB   12/12 KB   92/226 KB   12/12 KB   96/226 KB   12/12 KB   100/226 KB   12/12 KB   104/226 KB   12/12 KB   108/226 KB   12/12 KB   112/226 KB   12/12 KB   116/226 KB   12/12 KB   120/226 KB   12/12 KB   124/226 KB   12/12 KB   128/226 KB   12/12 KB   132/226 KB   12/12 KB   136/226 KB   12/12 KB   140/226 KB   12/12 KB   144/226 KB   12/12 KB   148/226 KB   12/12 KB   152/226 KB   12/12 KB   156/226 KB   12/12 KB   160/226 KB   12/12 KB   164/226 KB   12/12 KB   168/226 KB   12/12 KB   172/226 KB   12/12 KB   176/226 KB   12/12 KB   180/226 KB   12/12 KB   184/226 KB   12/12 KB   188/226 KB   12/12 KB   192/226 KB   12/12 KB   196/226 KB   12/12 KB   200/226 KB   12/12 KB   204/226 KB   12/12 KB   208/226 KB   12/12 KB   212/226 KB   12/12 KB   216/226 KB   12/12 KB   220/226 KB   12/12 KB   224/226 KB   12/12 KB   226/226 KB                           Downloaded: https://repo.maven.apache.org/maven2/org/codehaus/plexus/plexus-digest/1.0/plexus-digest-1.0.jar (12 KB at 22.2 KB/sec)
                        Downloaded: https://repo.maven.apache.org/maven2/org/codehaus/plexus/plexus-utils/3.0.5/plexus-utils-3.0.5.jar (226 KB at 361.8 KB/sec)
[INFO] Installing /var/lib/jenkins/workspace/jenkins POC/target/EmployeeApplicationSprint4-1.0-SNAPSHOT.war to /var/lib/jenkins/.m2/repository/com/alm/web/EmployeeApplicationSprint4/1.0-SNAPSHOT/EmployeeApplicationSprint4-1.0-SNAPSHOT.war
[INFO] Installing /var/lib/jenkins/workspace/jenkins POC/pom.xml to /var/lib/jenkins/.m2/repository/com/alm/web/EmployeeApplicationSprint4/1.0-SNAPSHOT/EmployeeApplicationSprint4-1.0-SNAPSHOT.pom
[INFO] 
[INFO] >>> cobertura-maven-plugin:2.7:cobertura (default-cli) > [cobertura]test @ EmployeeApplicationSprint4 >>>
[INFO] 
[8mha:////4B1P8uT/JDFgfMGZp0z6tHEHjwZnVVLLtNjLatN9m72nAAAAYB+LCAAAAAAAAP9b85aBtbiIQSmjNKU4P0+vJLE4u1gvPjexLDVPzxdEGvvmZ+X75ZekLlOVfvTjc8FPJgaGiiIGKaiG5Py84vycVD1nCA1SyAABjCCFBQCV27OjYAAAAA==[0m[INFO] --- maven-resources-plugin:2.6:resources (default-resources) @ EmployeeApplicationSprint4 ---
[8mha:////4CiX0MVzgoAv95q7FvvY0nZRvD0SlnQ0F7L39CAYkmXnAAAAYx+LCAAAAAAAAP9b85aBtbiIQSWjNKU4P0+vJLE4u1gvPjexLDVPzxdEhicW5WXmpfvll6S2fNly5fzGzauYGBgqihikoFqS8/OK83NS9ZwhNEghAwQwghQWAACwxA+XYgAAAA==[0m[WARNING] Using platform encoding (UTF-8 actually) to copy filtered resources, i.e. build is platform dependent!
[INFO] Copying 4 resources
[INFO] 
[8mha:////4B1P8uT/JDFgfMGZp0z6tHEHjwZnVVLLtNjLatN9m72nAAAAYB+LCAAAAAAAAP9b85aBtbiIQSmjNKU4P0+vJLE4u1gvPjexLDVPzxdEGvvmZ+X75ZekLlOVfvTjc8FPJgaGiiIGKaiG5Py84vycVD1nCA1SyAABjCCFBQCV27OjYAAAAA==[0m[INFO] --- maven-compiler-plugin:3.1:compile (default-compile) @ EmployeeApplicationSprint4 ---
[INFO] Nothing to compile - all classes are up to date
[INFO] 
[8mha:////4B1P8uT/JDFgfMGZp0z6tHEHjwZnVVLLtNjLatN9m72nAAAAYB+LCAAAAAAAAP9b85aBtbiIQSmjNKU4P0+vJLE4u1gvPjexLDVPzxdEGvvmZ+X75ZekLlOVfvTjc8FPJgaGiiIGKaiG5Py84vycVD1nCA1SyAABjCCFBQCV27OjYAAAAA==[0m[INFO] --- cobertura-maven-plugin:2.7:instrument (default-cli) @ EmployeeApplicationSprint4 ---
[INFO] Cobertura 2.1.1 - GNU GPL License (NO WARRANTY) - See COPYRIGHT file
[INFO] Cobertura: Saved information on 7 classes.
[INFO] Cobertura: Saved information on 7 classes.

[INFO] Instrumentation was successful.
[INFO] NOT adding cobertura ser file to attached artifacts list.
[INFO] 
[8mha:////4B1P8uT/JDFgfMGZp0z6tHEHjwZnVVLLtNjLatN9m72nAAAAYB+LCAAAAAAAAP9b85aBtbiIQSmjNKU4P0+vJLE4u1gvPjexLDVPzxdEGvvmZ+X75ZekLlOVfvTjc8FPJgaGiiIGKaiG5Py84vycVD1nCA1SyAABjCCFBQCV27OjYAAAAA==[0m[INFO] --- maven-resources-plugin:2.6:testResources (default-testResources) @ EmployeeApplicationSprint4 ---
[8mha:////4CiX0MVzgoAv95q7FvvY0nZRvD0SlnQ0F7L39CAYkmXnAAAAYx+LCAAAAAAAAP9b85aBtbiIQSWjNKU4P0+vJLE4u1gvPjexLDVPzxdEhicW5WXmpfvll6S2fNly5fzGzauYGBgqihikoFqS8/OK83NS9ZwhNEghAwQwghQWAACwxA+XYgAAAA==[0m[WARNING] Using platform encoding (UTF-8 actually) to copy filtered resources, i.e. build is platform dependent!
[INFO] skip non existing resourceDirectory /var/lib/jenkins/workspace/jenkins POC/src/test/resources
[INFO] 
[8mha:////4B1P8uT/JDFgfMGZp0z6tHEHjwZnVVLLtNjLatN9m72nAAAAYB+LCAAAAAAAAP9b85aBtbiIQSmjNKU4P0+vJLE4u1gvPjexLDVPzxdEGvvmZ+X75ZekLlOVfvTjc8FPJgaGiiIGKaiG5Py84vycVD1nCA1SyAABjCCFBQCV27OjYAAAAA==[0m[INFO] --- maven-compiler-plugin:3.1:testCompile (default-testCompile) @ EmployeeApplicationSprint4 ---
[INFO] Nothing to compile - all classes are up to date
[INFO] 
[8mha:////4B1P8uT/JDFgfMGZp0z6tHEHjwZnVVLLtNjLatN9m72nAAAAYB+LCAAAAAAAAP9b85aBtbiIQSmjNKU4P0+vJLE4u1gvPjexLDVPzxdEGvvmZ+X75ZekLlOVfvTjc8FPJgaGiiIGKaiG5Py84vycVD1nCA1SyAABjCCFBQCV27OjYAAAAA==[0m[INFO] --- maven-surefire-plugin:2.12.4:test (default-test) @ EmployeeApplicationSprint4 ---
[INFO] Surefire report directory: /var/lib/jenkins/workspace/jenkins POC/target/surefire-reports

-------------------------------------------------------
 T E S T S
-------------------------------------------------------
Running com.sample.mvc.daoTest.EmployeeDAOImplTest
SLF4J: Class path contains multiple SLF4J bindings.
SLF4J: Found binding in [jar:file:/var/lib/jenkins/.m2/repository/org/slf4j/slf4j-log4j12/1.7.5/slf4j-log4j12-1.7.5.jar!/org/slf4j/impl/StaticLoggerBinder.class]
SLF4J: Found binding in [jar:file:/var/lib/jenkins/.m2/repository/ch/qos/logback/logback-classic/1.0.12/logback-classic-1.0.12.jar!/org/slf4j/impl/StaticLoggerBinder.class]
SLF4J: See http://www.slf4j.org/codes.html#multiple_bindings for an explanation.
SLF4J: Actual binding is of type [org.slf4j.impl.Log4jLoggerFactory]
log4j:ERROR setFile(null,true) call failed.
java.io.FileNotFoundException: /logs/emsapplication.log (No such file or directory)
	at java.io.FileOutputStream.open0(Native Method)
	at java.io.FileOutputStream.open(FileOutputStream.java:270)
	at java.io.FileOutputStream.<init>(FileOutputStream.java:213)
	at java.io.FileOutputStream.<init>(FileOutputStream.java:133)
	at org.apache.log4j.FileAppender.setFile(FileAppender.java:294)
	at org.apache.log4j.RollingFileAppender.setFile(RollingFileAppender.java:207)
	at org.apache.log4j.FileAppender.activateOptions(FileAppender.java:165)
	at org.apache.log4j.config.PropertySetter.activate(PropertySetter.java:307)
	at org.apache.log4j.config.PropertySetter.setProperties(PropertySetter.java:172)
	at org.apache.log4j.config.PropertySetter.setProperties(PropertySetter.java:104)
	at org.apache.log4j.PropertyConfigurator.parseAppender(PropertyConfigurator.java:842)
	at org.apache.log4j.PropertyConfigurator.parseCategory(PropertyConfigurator.java:768)
	at org.apache.log4j.PropertyConfigurator.configureRootCategory(PropertyConfigurator.java:648)
	at org.apache.log4j.PropertyConfigurator.doConfigure(PropertyConfigurator.java:514)
	at org.apache.log4j.PropertyConfigurator.doConfigure(PropertyConfigurator.java:580)
	at org.apache.log4j.helpers.OptionConverter.selectAndConfigure(OptionConverter.java:526)
	at org.apache.log4j.LogManager.<clinit>(LogManager.java:127)
	at org.slf4j.impl.Log4jLoggerFactory.getLogger(Log4jLoggerFactory.java:66)
	at org.slf4j.LoggerFactory.getLogger(LoggerFactory.java:270)
	at org.slf4j.LoggerFactory.getLogger(LoggerFactory.java:281)
	at net.sourceforge.cobertura.coveragedata.TouchCollector.<clinit>(TouchCollector.java:40)
	at com.sample.mvc.dao.EmployeeDAOImpl.__cobertura_init(EmployeeDAOImpl.java)
	at com.sample.mvc.dao.EmployeeDAOImpl.<clinit>(EmployeeDAOImpl.java)
	at com.sample.mvc.daoTest.EmployeeDAOImplTest.<init>(EmployeeDAOImplTest.java:33)
	at sun.reflect.NativeConstructorAccessorImpl.newInstance0(Native Method)
	at sun.reflect.NativeConstructorAccessorImpl.newInstance(NativeConstructorAccessorImpl.java:62)
	at sun.reflect.DelegatingConstructorAccessorImpl.newInstance(DelegatingConstructorAccessorImpl.java:45)
	at java.lang.reflect.Constructor.newInstance(Constructor.java:423)
	at org.junit.runners.BlockJUnit4ClassRunner.createTest(BlockJUnit4ClassRunner.java:178)
	at org.junit.runners.BlockJUnit4ClassRunner$1.runReflectiveCall(BlockJUnit4ClassRunner.java:227)
	at org.junit.internal.runners.model.ReflectiveCallable.run(ReflectiveCallable.java:15)
	at org.junit.runners.BlockJUnit4ClassRunner.methodBlock(BlockJUnit4ClassRunner.java:224)
	at org.junit.runners.BlockJUnit4ClassRunner.runChild(BlockJUnit4ClassRunner.java:69)
	at org.junit.runners.BlockJUnit4ClassRunner.runChild(BlockJUnit4ClassRunner.java:48)
	at org.junit.runners.ParentRunner$3.run(ParentRunner.java:231)
	at org.junit.runners.ParentRunner$1.schedule(ParentRunner.java:60)
	at org.junit.runners.ParentRunner.runChildren(ParentRunner.java:229)
	at org.junit.runners.ParentRunner.access$000(ParentRunner.java:50)
	at org.junit.runners.ParentRunner$2.evaluate(ParentRunner.java:222)
	at org.junit.runners.ParentRunner.run(ParentRunner.java:292)
	at org.mockito.internal.runners.JUnit45AndHigherRunnerImpl.run(JUnit45AndHigherRunnerImpl.java:37)
	at org.mockito.runners.MockitoJUnitRunner.run(MockitoJUnitRunner.java:62)
	at org.apache.maven.surefire.junit4.JUnit4Provider.execute(JUnit4Provider.java:252)
	at org.apache.maven.surefire.junit4.JUnit4Provider.executeTestSet(JUnit4Provider.java:141)
	at org.apache.maven.surefire.junit4.JUnit4Provider.invoke(JUnit4Provider.java:112)
	at sun.reflect.NativeMethodAccessorImpl.invoke0(Native Method)
	at sun.reflect.NativeMethodAccessorImpl.invoke(NativeMethodAccessorImpl.java:62)
	at sun.reflect.DelegatingMethodAccessorImpl.invoke(DelegatingMethodAccessorImpl.java:43)
	at java.lang.reflect.Method.invoke(Method.java:498)
	at org.apache.maven.surefire.util.ReflectionUtils.invokeMethodWithArray(ReflectionUtils.java:189)
	at org.apache.maven.surefire.booter.ProviderFactory$ProviderProxy.invoke(ProviderFactory.java:165)
	at org.apache.maven.surefire.booter.ProviderFactory.invokeProvider(ProviderFactory.java:85)
	at org.apache.maven.surefire.booter.ForkedBooter.runSuitesInProcess(ForkedBooter.java:115)
	at org.apache.maven.surefire.booter.ForkedBooter.main(ForkedBooter.java:75)
Tests run: 5, Failures: 0, Errors: 0, Skipped: 0, Time elapsed: 0.255 sec
Running com.sample.mvc.serviceTest.EmployeeServiceTest
Tests run: 5, Failures: 0, Errors: 0, Skipped: 0, Time elapsed: 0.01 sec
Running com.sample.mvc.controllerTest.EmployeeControllerTest
2018-03-30 19:35:21 INFO  StandaloneMockMvcBuilder$StaticRequestMappingHandlerMapping:197 - Mapped "{[/jsp/add],methods=[POST],params=[],headers=[],consumes=[],produces=[],custom=[]}" onto public org.springframework.web.servlet.ModelAndView com.sample.mvc.controller.EmployeeController.addEmployee(com.sample.mvc.model.EmployeeCommand) throws java.net.UnknownHostException
2018-03-30 19:35:21 INFO  StandaloneMockMvcBuilder$StaticRequestMappingHandlerMapping:197 - Mapped "{[/edit/update],methods=[POST],params=[],headers=[],consumes=[],produces=[],custom=[]}" onto public java.lang.String com.sample.mvc.controller.EmployeeController.updateEmployee(com.sample.mvc.model.EmployeeCommand) throws java.net.UnknownHostException
2018-03-30 19:35:21 INFO  StandaloneMockMvcBuilder$StaticRequestMappingHandlerMapping:197 - Mapped "{[/edit/{code}],methods=[],params=[],headers=[],consumes=[],produces=[],custom=[]}" onto public java.lang.String com.sample.mvc.controller.EmployeeController.getEmployeeById(java.lang.Integer,org.springframework.ui.Model) throws java.net.UnknownHostException
2018-03-30 19:35:21 INFO  StandaloneMockMvcBuilder$StaticRequestMappingHandlerMapping:197 - Mapped "{[/delete/{employeeId}],methods=[],params=[],headers=[],consumes=[],produces=[],custom=[]}" onto public java.lang.String com.sample.mvc.controller.EmployeeController.deleteEmplyee(java.lang.Integer) throws java.net.UnknownHostException
2018-03-30 19:35:21 INFO  StandaloneMockMvcBuilder$StaticRequestMappingHandlerMapping:197 - Mapped "{[/list],methods=[],params=[],headers=[],consumes=[],produces=[],custom=[]}" onto public java.lang.String com.sample.mvc.controller.EmployeeController.listContacts(java.util.Map<java.lang.String, java.lang.Object>) throws java.net.UnknownHostException
2018-03-30 19:35:21 INFO  StandaloneMockMvcBuilder$StaticRequestMappingHandlerMapping:197 - Mapped "{[/home],methods=[GET],params=[],headers=[],consumes=[],produces=[],custom=[]}" onto public java.lang.String com.sample.mvc.controller.EmployeeController.viewHome() throws java.net.UnknownHostException
2018-03-30 19:35:21 INFO  MockServletContext:430 - Initializing Spring FrameworkServlet ''
2018-03-30 19:35:21 INFO  TestDispatcherServlet:479 - FrameworkServlet '': initialization started
2018-03-30 19:35:21 INFO  TestDispatcherServlet:498 - FrameworkServlet '': initialization completed in 2 ms
2018-03-30 19:35:21 INFO  EmployeeController:74 - {"serverAddress":"amritase/127.0.1.1","httpMethod":"GET","resourcePath":"/edit","applicationName":"EMSapplication"}
2018-03-30 19:35:21 INFO  StandaloneMockMvcBuilder$StaticRequestMappingHandlerMapping:197 - Mapped "{[/jsp/add],methods=[POST],params=[],headers=[],consumes=[],produces=[],custom=[]}" onto public org.springframework.web.servlet.ModelAndView com.sample.mvc.controller.EmployeeController.addEmployee(com.sample.mvc.model.EmployeeCommand) throws java.net.UnknownHostException
2018-03-30 19:35:21 INFO  StandaloneMockMvcBuilder$StaticRequestMappingHandlerMapping:197 - Mapped "{[/edit/update],methods=[POST],params=[],headers=[],consumes=[],produces=[],custom=[]}" onto public java.lang.String com.sample.mvc.controller.EmployeeController.updateEmployee(com.sample.mvc.model.EmployeeCommand) throws java.net.UnknownHostException
2018-03-30 19:35:21 INFO  StandaloneMockMvcBuilder$StaticRequestMappingHandlerMapping:197 - Mapped "{[/edit/{code}],methods=[],params=[],headers=[],consumes=[],produces=[],custom=[]}" onto public java.lang.String com.sample.mvc.controller.EmployeeController.getEmployeeById(java.lang.Integer,org.springframework.ui.Model) throws java.net.UnknownHostException
2018-03-30 19:35:21 INFO  StandaloneMockMvcBuilder$StaticRequestMappingHandlerMapping:197 - Mapped "{[/delete/{employeeId}],methods=[],params=[],headers=[],consumes=[],produces=[],custom=[]}" onto public java.lang.String com.sample.mvc.controller.EmployeeController.deleteEmplyee(java.lang.Integer) throws java.net.UnknownHostException
2018-03-30 19:35:21 INFO  StandaloneMockMvcBuilder$StaticRequestMappingHandlerMapping:197 - Mapped "{[/list],methods=[],params=[],headers=[],consumes=[],produces=[],custom=[]}" onto public java.lang.String com.sample.mvc.controller.EmployeeController.listContacts(java.util.Map<java.lang.String, java.lang.Object>) throws java.net.UnknownHostException
2018-03-30 19:35:21 INFO  StandaloneMockMvcBuilder$StaticRequestMappingHandlerMapping:197 - Mapped "{[/home],methods=[GET],params=[],headers=[],consumes=[],produces=[],custom=[]}" onto public java.lang.String com.sample.mvc.controller.EmployeeController.viewHome() throws java.net.UnknownHostException
2018-03-30 19:35:21 INFO  MockServletContext:430 - Initializing Spring FrameworkServlet ''
2018-03-30 19:35:21 INFO  TestDispatcherServlet:479 - FrameworkServlet '': initialization started
2018-03-30 19:35:21 INFO  TestDispatcherServlet:498 - FrameworkServlet '': initialization completed in 0 ms
2018-03-30 19:35:21 INFO  EmployeeController:90 - {"serverAddress":"amritase/127.0.1.1","httpMethod":"GET","resourcePath":"/delete","applicationName":"EMSapplication"}
2018-03-30 19:35:21 INFO  StandaloneMockMvcBuilder$StaticRequestMappingHandlerMapping:197 - Mapped "{[/jsp/add],methods=[POST],params=[],headers=[],consumes=[],produces=[],custom=[]}" onto public org.springframework.web.servlet.ModelAndView com.sample.mvc.controller.EmployeeController.addEmployee(com.sample.mvc.model.EmployeeCommand) throws java.net.UnknownHostException
2018-03-30 19:35:21 INFO  StandaloneMockMvcBuilder$StaticRequestMappingHandlerMapping:197 - Mapped "{[/edit/update],methods=[POST],params=[],headers=[],consumes=[],produces=[],custom=[]}" onto public java.lang.String com.sample.mvc.controller.EmployeeController.updateEmployee(com.sample.mvc.model.EmployeeCommand) throws java.net.UnknownHostException
2018-03-30 19:35:21 INFO  StandaloneMockMvcBuilder$StaticRequestMappingHandlerMapping:197 - Mapped "{[/edit/{code}],methods=[],params=[],headers=[],consumes=[],produces=[],custom=[]}" onto public java.lang.String com.sample.mvc.controller.EmployeeController.getEmployeeById(java.lang.Integer,org.springframework.ui.Model) throws java.net.UnknownHostException
2018-03-30 19:35:21 INFO  StandaloneMockMvcBuilder$StaticRequestMappingHandlerMapping:197 - Mapped "{[/delete/{employeeId}],methods=[],params=[],headers=[],consumes=[],produces=[],custom=[]}" onto public java.lang.String com.sample.mvc.controller.EmployeeController.deleteEmplyee(java.lang.Integer) throws java.net.UnknownHostException
2018-03-30 19:35:21 INFO  StandaloneMockMvcBuilder$StaticRequestMappingHandlerMapping:197 - Mapped "{[/list],methods=[],params=[],headers=[],consumes=[],produces=[],custom=[]}" onto public java.lang.String com.sample.mvc.controller.EmployeeController.listContacts(java.util.Map<java.lang.String, java.lang.Object>) throws java.net.UnknownHostException
2018-03-30 19:35:21 INFO  StandaloneMockMvcBuilder$StaticRequestMappingHandlerMapping:197 - Mapped "{[/home],methods=[GET],params=[],headers=[],consumes=[],produces=[],custom=[]}" onto public java.lang.String com.sample.mvc.controller.EmployeeController.viewHome() throws java.net.UnknownHostException
2018-03-30 19:35:21 INFO  MockServletContext:430 - Initializing Spring FrameworkServlet ''
2018-03-30 19:35:21 INFO  TestDispatcherServlet:479 - FrameworkServlet '': initialization started
2018-03-30 19:35:21 INFO  TestDispatcherServlet:498 - FrameworkServlet '': initialization completed in 0 ms
2018-03-30 19:35:21 INFO  EmployeeController:66 - {"serverAddress":"amritase/127.0.1.1","httpMethod":"POST","resourcePath":"/add","applicationName":"EMSapplication"}
ModelAndView: reference to view with name 'redirect:/list'; model is null
2018-03-30 19:35:21 INFO  EmployeeController:66 - {"serverAddress":"amritase/127.0.1.1","httpMethod":"POST","resourcePath":"/add","applicationName":"EMSapplication"}
2018-03-30 19:35:21 INFO  EmployeeController:66 - {"serverAddress":"amritase/127.0.1.1","httpMethod":"POST","resourcePath":"/add","applicationName":"EMSapplication"}
2018-03-30 19:35:21 INFO  StandaloneMockMvcBuilder$StaticRequestMappingHandlerMapping:197 - Mapped "{[/jsp/add],methods=[POST],params=[],headers=[],consumes=[],produces=[],custom=[]}" onto public org.springframework.web.servlet.ModelAndView com.sample.mvc.controller.EmployeeController.addEmployee(com.sample.mvc.model.EmployeeCommand) throws java.net.UnknownHostException
2018-03-30 19:35:21 INFO  StandaloneMockMvcBuilder$StaticRequestMappingHandlerMapping:197 - Mapped "{[/edit/update],methods=[POST],params=[],headers=[],consumes=[],produces=[],custom=[]}" onto public java.lang.String com.sample.mvc.controller.EmployeeController.updateEmployee(com.sample.mvc.model.EmployeeCommand) throws java.net.UnknownHostException
2018-03-30 19:35:21 INFO  StandaloneMockMvcBuilder$StaticRequestMappingHandlerMapping:197 - Mapped "{[/edit/{code}],methods=[],params=[],headers=[],consumes=[],produces=[],custom=[]}" onto public java.lang.String com.sample.mvc.controller.EmployeeController.getEmployeeById(java.lang.Integer,org.springframework.ui.Model) throws java.net.UnknownHostException
2018-03-30 19:35:21 INFO  StandaloneMockMvcBuilder$StaticRequestMappingHandlerMapping:197 - Mapped "{[/delete/{employeeId}],methods=[],params=[],headers=[],consumes=[],produces=[],custom=[]}" onto public java.lang.String com.sample.mvc.controller.EmployeeController.deleteEmplyee(java.lang.Integer) throws java.net.UnknownHostException
2018-03-30 19:35:21 INFO  StandaloneMockMvcBuilder$StaticRequestMappingHandlerMapping:197 - Mapped "{[/list],methods=[],params=[],headers=[],consumes=[],produces=[],custom=[]}" onto public java.lang.String com.sample.mvc.controller.EmployeeController.listContacts(java.util.Map<java.lang.String, java.lang.Object>) throws java.net.UnknownHostException
2018-03-30 19:35:21 INFO  StandaloneMockMvcBuilder$StaticRequestMappingHandlerMapping:197 - Mapped "{[/home],methods=[GET],params=[],headers=[],consumes=[],produces=[],custom=[]}" onto public java.lang.String com.sample.mvc.controller.EmployeeController.viewHome() throws java.net.UnknownHostException
2018-03-30 19:35:21 INFO  MockServletContext:430 - Initializing Spring FrameworkServlet ''
2018-03-30 19:35:21 INFO  TestDispatcherServlet:479 - FrameworkServlet '': initialization started
2018-03-30 19:35:21 INFO  TestDispatcherServlet:498 - FrameworkServlet '': initialization completed in 1 ms
2018-03-30 19:35:21 INFO  EmployeeController:58 - {"serverAddress":"amritase/127.0.1.1","httpMethod":"GET","resourcePath":"/list","applicationName":"EMSapplication"}
2018-03-30 19:35:21 INFO  StandaloneMockMvcBuilder$StaticRequestMappingHandlerMapping:197 - Mapped "{[/jsp/add],methods=[POST],params=[],headers=[],consumes=[],produces=[],custom=[]}" onto public org.springframework.web.servlet.ModelAndView com.sample.mvc.controller.EmployeeController.addEmployee(com.sample.mvc.model.EmployeeCommand) throws java.net.UnknownHostException
2018-03-30 19:35:21 INFO  StandaloneMockMvcBuilder$StaticRequestMappingHandlerMapping:197 - Mapped "{[/edit/update],methods=[POST],params=[],headers=[],consumes=[],produces=[],custom=[]}" onto public java.lang.String com.sample.mvc.controller.EmployeeController.updateEmployee(com.sample.mvc.model.EmployeeCommand) throws java.net.UnknownHostException
2018-03-30 19:35:21 INFO  StandaloneMockMvcBuilder$StaticRequestMappingHandlerMapping:197 - Mapped "{[/edit/{code}],methods=[],params=[],headers=[],consumes=[],produces=[],custom=[]}" onto public java.lang.String com.sample.mvc.controller.EmployeeController.getEmployeeById(java.lang.Integer,org.springframework.ui.Model) throws java.net.UnknownHostException
2018-03-30 19:35:21 INFO  StandaloneMockMvcBuilder$StaticRequestMappingHandlerMapping:197 - Mapped "{[/delete/{employeeId}],methods=[],params=[],headers=[],consumes=[],produces=[],custom=[]}" onto public java.lang.String com.sample.mvc.controller.EmployeeController.deleteEmplyee(java.lang.Integer) throws java.net.UnknownHostException
2018-03-30 19:35:21 INFO  StandaloneMockMvcBuilder$StaticRequestMappingHandlerMapping:197 - Mapped "{[/list],methods=[],params=[],headers=[],consumes=[],produces=[],custom=[]}" onto public java.lang.String com.sample.mvc.controller.EmployeeController.listContacts(java.util.Map<java.lang.String, java.lang.Object>) throws java.net.UnknownHostException
2018-03-30 19:35:21 INFO  StandaloneMockMvcBuilder$StaticRequestMappingHandlerMapping:197 - Mapped "{[/home],methods=[GET],params=[],headers=[],consumes=[],produces=[],custom=[]}" onto public java.lang.String com.sample.mvc.controller.EmployeeController.viewHome() throws java.net.UnknownHostException
2018-03-30 19:35:21 INFO  MockServletContext:430 - Initializing Spring FrameworkServlet ''
2018-03-30 19:35:21 INFO  TestDispatcherServlet:479 - FrameworkServlet '': initialization started
2018-03-30 19:35:21 INFO  TestDispatcherServlet:498 - FrameworkServlet '': initialization completed in 0 ms
2018-03-30 19:35:21 INFO  EmployeeController:82 - {"serverAddress":"amritase/127.0.1.1","httpMethod":"POST","resourcePath":"/edit/update","applicationName":"EMSapplication"}
Tests run: 5, Failures: 0, Errors: 0, Skipped: 0, Time elapsed: 0.45 sec
2018-03-30 19:35:22 INFO  CoverageDataFileHandler:86 - Cobertura: Loaded information on 7 classes.
2018-03-30 19:35:22 INFO  CoverageDataFileHandler:138 - Cobertura: Saved information on 7 classes.

Results :

Tests run: 15, Failures: 0, Errors: 0, Skipped: 0

[INFO] 
[INFO] <<< cobertura-maven-plugin:2.7:cobertura (default-cli) < [cobertura]test @ EmployeeApplicationSprint4 <<<
[INFO] 
[8mha:////4B1P8uT/JDFgfMGZp0z6tHEHjwZnVVLLtNjLatN9m72nAAAAYB+LCAAAAAAAAP9b85aBtbiIQSmjNKU4P0+vJLE4u1gvPjexLDVPzxdEGvvmZ+X75ZekLlOVfvTjc8FPJgaGiiIGKaiG5Py84vycVD1nCA1SyAABjCCFBQCV27OjYAAAAA==[0m[INFO] --- cobertura-maven-plugin:2.7:cobertura (default-cli) @ EmployeeApplicationSprint4 ---
[INFO] Cobertura 2.1.1 - GNU GPL License (NO WARRANTY) - See COPYRIGHT file
[INFO] Cobertura: Loaded information on 7 classes.
Report time: 110ms

[INFO] Cobertura Report generation was successful.
[INFO] ------------------------------------------------------------------------
[INFO] BUILD SUCCESS
[INFO] ------------------------------------------------------------------------
[INFO] Total time: 52.662 s
[INFO] Finished at: 2018-03-30T19:35:23+05:30
[INFO] Final Memory: 39M/114M
[INFO] ------------------------------------------------------------------------
[Cobertura] Publishing Cobertura coverage report...

[Cobertura] Publishing Cobertura coverage results...

[Cobertura] Cobertura coverage report found.

Recording test results
Finished: SUCCESS
